#
# There is insufficient memory for the Java Runtime Environment to continue.
# Native memory allocation (malloc) failed to allocate 337776 bytes for Chunk::new
# Possible reasons:
#   The system is out of physical RAM or swap space
#   The process is running with CompressedOops enabled, and the Java Heap may be blocking the growth of the native heap
# Possible solutions:
#   Reduce memory load on the system
#   Increase physical memory or swap space
#   Check if swap backing store is full
#   Decrease Java heap size (-Xmx/-Xms)
#   Decrease number of Java threads
#   Decrease Java thread stack sizes (-Xss)
#   Set larger code cache with -XX:ReservedCodeCacheSize=
#   JVM is running with Zero Based Compressed Oops mode in which the Java heap is
#     placed in the first 32GB address space. The Java Heap base address is the
#     maximum limit for the native heap growth. Please use -XX:HeapBaseMinAddress
#     to set the Java Heap base and to place the Java Heap above 32GB virtual address.
# This output file may be truncated or incomplete.
#
#  Out of Memory Error (arena.cpp:197), pid=12220, tid=6576
#
# JRE version: OpenJDK Runtime Environment Corretto-11.0.20.8.1 (11.0.20+8) (build 11.0.20+8-LTS)
# Java VM: OpenJDK 64-Bit Server VM Corretto-11.0.20.8.1 (11.0.20+8-LTS, mixed mode, tiered, compressed oops, g1 gc, windows-amd64)
# No core dump will be written. Minidumps are not enabled by default on client versions of Windows
#

---------------  S U M M A R Y ------------

Command Line: -javaagent:C:\Users\julia.blanco\ideaIC-2023.1.4.win\lib\idea_rt.jar=50494:C:\Users\julia.blanco\ideaIC-2023.1.4.win\bin -Dfile.encoding=UTF-8 org.chapter4.Chapter4Ejer2departuredelays

Host: 11th Gen Intel(R) Core(TM) i5-1135G7 @ 2.40GHz, 8 cores, 15G,  Windows 10 , 64 bit Build 19041 (10.0.19041.3155)
Time: Wed Aug  9 10:57:24 2023 Hora de verano romance elapsed time: 12.425505 seconds (0d 0h 0m 12s)

---------------  T H R E A D  ---------------

Current thread (0x000001e2406ca000):  JavaThread "C2 CompilerThread0" daemon [_thread_in_native, id=6576, stack(0x00000053fa900000,0x00000053faa00000)]


Current CompileTask:
C2:  12425 6520   !   4       com.sun.org.apache.xerces.internal.impl.XMLDocumentFragmentScannerImpl$FragmentContentDriver::next (2329 bytes)

Stack: [0x00000053fa900000,0x00000053faa00000]
Native frames: (J=compiled Java code, j=interpreted, Vv=VM code, C=native code)
V  [jvm.dll+0x62418a]
V  [jvm.dll+0x7b1d69]
V  [jvm.dll+0x7b3458]
V  [jvm.dll+0x7b3b33]
V  [jvm.dll+0x250148]
V  [jvm.dll+0xc264c]
V  [jvm.dll+0xc2c0c]
V  [jvm.dll+0x35cfa7]
V  [jvm.dll+0x19edf9]
V  [jvm.dll+0x209685]
V  [jvm.dll+0x2086fd]
V  [jvm.dll+0x18a6b1]
V  [jvm.dll+0x217da4]
V  [jvm.dll+0x215feb]
V  [jvm.dll+0x774840]
V  [jvm.dll+0x76d634]
V  [jvm.dll+0x622ff5]
C  [ucrtbase.dll+0x21bb2]
C  [KERNEL32.DLL+0x17614]
C  [ntdll.dll+0x526b1]


---------------  P R O C E S S  ---------------

Threads class SMR info:
_java_thread_list=0x000001e245a15740, length=60, elements={
0x000001e21c20a000, 0x000001e23fdbc800, 0x000001e23fdc7800, 0x000001e2406c0800,
0x000001e2406c4000, 0x000001e2406c8000, 0x000001e2406ca000, 0x000001e2406d8800,
0x000001e2406ea000, 0x000001e240650800, 0x000001e2412ed800, 0x000001e243bbf800,
0x000001e243bc2000, 0x000001e2459d0000, 0x000001e2454e5000, 0x000001e245416000,
0x000001e2440ac000, 0x000001e2434f7800, 0x000001e243ce2800, 0x000001e245140800,
0x000001e2420b4800, 0x000001e2420b2800, 0x000001e2420b5800, 0x000001e2420b7000,
0x000001e2420b8000, 0x000001e2420b9000, 0x000001e2420b6800, 0x000001e2420b3000,
0x000001e2420b4000, 0x000001e243a85000, 0x000001e243a81800, 0x000001e243a84000,
0x000001e243a85800, 0x000001e243a83000, 0x000001e243a80000, 0x000001e243a82800,
0x000001e243a86800, 0x000001e243a80800, 0x000001e243a88000, 0x000001e243a8d000,
0x000001e243a8b800, 0x000001e243a89000, 0x000001e243a8c000, 0x000001e243a8a800,
0x000001e243a89800, 0x000001e243a87000, 0x000001e243a8e000, 0x000001e243a8e800,
0x000001e245d0d000, 0x000001e245d0b800, 0x000001e245d09000, 0x000001e245d0e000,
0x000001e245d08000, 0x000001e245d0a000, 0x000001e245d0f800, 0x000001e245d12000,
0x000001e245d13000, 0x000001e245d14800, 0x000001e245d15800, 0x000001e245f4d000
}

Java Threads: ( => current thread )
  0x000001e21c20a000 JavaThread "main" [_thread_in_Java, id=13792, stack(0x00000053f9d00000,0x00000053f9e00000)]
  0x000001e23fdbc800 JavaThread "Reference Handler" daemon [_thread_blocked, id=21576, stack(0x00000053fa400000,0x00000053fa500000)]
  0x000001e23fdc7800 JavaThread "Finalizer" daemon [_thread_blocked, id=10024, stack(0x00000053fa500000,0x00000053fa600000)]
  0x000001e2406c0800 JavaThread "Signal Dispatcher" daemon [_thread_blocked, id=20348, stack(0x00000053fa600000,0x00000053fa700000)]
  0x000001e2406c4000 JavaThread "Attach Listener" daemon [_thread_blocked, id=2884, stack(0x00000053fa700000,0x00000053fa800000)]
  0x000001e2406c8000 JavaThread "Service Thread" daemon [_thread_blocked, id=18980, stack(0x00000053fa800000,0x00000053fa900000)]
=>0x000001e2406ca000 JavaThread "C2 CompilerThread0" daemon [_thread_in_native, id=6576, stack(0x00000053fa900000,0x00000053faa00000)]
  0x000001e2406d8800 JavaThread "C1 CompilerThread0" daemon [_thread_in_native, id=10512, stack(0x00000053faa00000,0x00000053fab00000)]
  0x000001e2406ea000 JavaThread "Sweeper thread" daemon [_thread_blocked, id=14464, stack(0x00000053fab00000,0x00000053fac00000)]
  0x000001e240650800 JavaThread "Common-Cleaner" daemon [_thread_blocked, id=22456, stack(0x00000053fac00000,0x00000053fad00000)]
  0x000001e2412ed800 JavaThread "Monitor Ctrl-Break" daemon [_thread_in_native, id=21752, stack(0x00000053fae00000,0x00000053faf00000)]
  0x000001e243bbf800 JavaThread "rpc-boss-3-1" daemon [_thread_in_native, id=11824, stack(0x00000053fad00000,0x00000053fae00000)]
  0x000001e243bc2000 JavaThread "dispatcher-event-loop-0" daemon [_thread_blocked, id=19740, stack(0x00000053fb600000,0x00000053fb700000)]
  0x000001e2459d0000 JavaThread "dispatcher-event-loop-1" daemon [_thread_blocked, id=21568, stack(0x00000053fb700000,0x00000053fb800000)]
  0x000001e2454e5000 JavaThread "dispatcher-event-loop-2" daemon [_thread_blocked, id=9132, stack(0x00000053fb800000,0x00000053fb900000)]
  0x000001e245416000 JavaThread "dispatcher-event-loop-3" daemon [_thread_blocked, id=18464, stack(0x00000053fb900000,0x00000053fba00000)]
  0x000001e2440ac000 JavaThread "dispatcher-event-loop-4" daemon [_thread_blocked, id=7096, stack(0x00000053fba00000,0x00000053fbb00000)]
  0x000001e2434f7800 JavaThread "dispatcher-event-loop-5" daemon [_thread_blocked, id=13160, stack(0x00000053fbb00000,0x00000053fbc00000)]
  0x000001e243ce2800 JavaThread "dispatcher-event-loop-6" daemon [_thread_blocked, id=13016, stack(0x00000053fbc00000,0x00000053fbd00000)]
  0x000001e245140800 JavaThread "dispatcher-event-loop-7" daemon [_thread_blocked, id=8012, stack(0x00000053fbd00000,0x00000053fbe00000)]
  0x000001e2420b4800 JavaThread "map-output-dispatcher-0" daemon [_thread_blocked, id=6880, stack(0x00000053fbe00000,0x00000053fbf00000)]
  0x000001e2420b2800 JavaThread "map-output-dispatcher-1" daemon [_thread_blocked, id=6680, stack(0x00000053fbf00000,0x00000053fc000000)]
  0x000001e2420b5800 JavaThread "map-output-dispatcher-2" daemon [_thread_blocked, id=12060, stack(0x00000053fc000000,0x00000053fc100000)]
  0x000001e2420b7000 JavaThread "map-output-dispatcher-3" daemon [_thread_blocked, id=22264, stack(0x00000053fc100000,0x00000053fc200000)]
  0x000001e2420b8000 JavaThread "map-output-dispatcher-4" daemon [_thread_blocked, id=14680, stack(0x00000053fc200000,0x00000053fc300000)]
  0x000001e2420b9000 JavaThread "map-output-dispatcher-5" daemon [_thread_blocked, id=8872, stack(0x00000053fc300000,0x00000053fc400000)]
  0x000001e2420b6800 JavaThread "map-output-dispatcher-6" daemon [_thread_blocked, id=7880, stack(0x00000053fc400000,0x00000053fc500000)]
  0x000001e2420b3000 JavaThread "map-output-dispatcher-7" daemon [_thread_blocked, id=14392, stack(0x00000053fc500000,0x00000053fc600000)]
  0x000001e2420b4000 JavaThread "dispatcher-BlockManagerMaster" daemon [_thread_blocked, id=10548, stack(0x00000053fc600000,0x00000053fc700000)]
  0x000001e243a85000 JavaThread "dispatcher-BlockManagerEndpoint1" daemon [_thread_blocked, id=14980, stack(0x00000053fc700000,0x00000053fc800000)]
  0x000001e243a81800 JavaThread "RemoteBlock-temp-file-clean-thread" daemon [_thread_blocked, id=21896, stack(0x00000053fc800000,0x00000053fc900000)]
  0x000001e243a84000 JavaThread "SparkUI-37" daemon [_thread_in_native, id=3628, stack(0x00000053fc900000,0x00000053fca00000)]
  0x000001e243a85800 JavaThread "SparkUI-38" daemon [_thread_in_native, id=21488, stack(0x00000053fca00000,0x00000053fcb00000)]
  0x000001e243a83000 JavaThread "SparkUI-39" daemon [_thread_in_native, id=4056, stack(0x00000053fcb00000,0x00000053fcc00000)]
  0x000001e243a80000 JavaThread "SparkUI-40" daemon [_thread_in_native, id=4892, stack(0x00000053fcc00000,0x00000053fcd00000)]
  0x000001e243a82800 JavaThread "SparkUI-41-acceptor-0@60c329e0-ServerConnector@6e04db88{HTTP/1.1, (http/1.1)}{0.0.0.0:4040}" daemon [_thread_in_native, id=2088, stack(0x00000053fcd00000,0x00000053fce00000)]
  0x000001e243a86800 JavaThread "SparkUI-42" daemon [_thread_blocked, id=8564, stack(0x00000053fce00000,0x00000053fcf00000)]
  0x000001e243a80800 JavaThread "SparkUI-43" daemon [_thread_blocked, id=18896, stack(0x00000053fcf00000,0x00000053fd000000)]
  0x000001e243a88000 JavaThread "SparkUI-44" daemon [_thread_blocked, id=22392, stack(0x00000053fd000000,0x00000053fd100000)]
  0x000001e243a8d000 JavaThread "heartbeat-receiver-event-loop-thread" daemon [_thread_blocked, id=20000, stack(0x00000053fd100000,0x00000053fd200000)]
  0x000001e243a8b800 JavaThread "netty-rpc-env-timeout" daemon [_thread_blocked, id=20900, stack(0x00000053fd200000,0x00000053fd300000)]
  0x000001e243a89000 JavaThread "task-starvation-timer" daemon [_thread_blocked, id=3308, stack(0x00000053fd300000,0x00000053fd400000)]
  0x000001e243a8c000 JavaThread "task-abort-timer" daemon [_thread_blocked, id=1356, stack(0x00000053fd400000,0x00000053fd500000)]
  0x000001e243a8a800 JavaThread "dag-scheduler-event-loop" daemon [_thread_blocked, id=16024, stack(0x00000053fd500000,0x00000053fd600000)]
  0x000001e243a89800 JavaThread "driver-heartbeater" daemon [_thread_blocked, id=12744, stack(0x00000053fd600000,0x00000053fd700000)]
  0x000001e243a87000 JavaThread "executor-kill-mark-cleanup" daemon [_thread_blocked, id=20428, stack(0x00000053fd700000,0x00000053fd800000)]
  0x000001e243a8e000 JavaThread "executor-heartbeater" daemon [_thread_blocked, id=14616, stack(0x00000053fd800000,0x00000053fd900000)]
  0x000001e243a8e800 JavaThread "shuffle-boss-6-1" daemon [_thread_in_native, id=828, stack(0x00000053fd900000,0x00000053fda00000)]
  0x000001e245d0d000 JavaThread "Spark Context Cleaner" daemon [_thread_blocked, id=556, stack(0x00000053fda00000,0x00000053fdb00000)]
  0x000001e245d0b800 JavaThread "context-cleaner-periodic-gc" daemon [_thread_blocked, id=14756, stack(0x00000053fdb00000,0x00000053fdc00000)]
  0x000001e245d09000 JavaThread "spark-listener-group-appStatus" daemon [_thread_blocked, id=2792, stack(0x00000053fdc00000,0x00000053fdd00000)]
  0x000001e245d0e000 JavaThread "spark-listener-group-executorManagement" daemon [_thread_blocked, id=10464, stack(0x00000053fdd00000,0x00000053fde00000)]
  0x000001e245d08000 JavaThread "element-tracking-store-worker" daemon [_thread_blocked, id=4164, stack(0x00000053fde00000,0x00000053fdf00000)]
  0x000001e245d0a000 JavaThread "spark-listener-group-shared" daemon [_thread_blocked, id=17968, stack(0x00000053fdf00000,0x00000053fe000000)]
  0x000001e245d0f800 JavaThread "org.apache.hadoop.fs.FileSystem$Statistics$StatisticsDataReferenceCleaner" daemon [_thread_blocked, id=6660, stack(0x00000053fe000000,0x00000053fe100000)]
  0x000001e245d12000 JavaThread "Timer-0" daemon [_thread_blocked, id=14000, stack(0x00000053fe200000,0x00000053fe300000)]
  0x000001e245d13000 JavaThread "derby.rawStoreDaemon" daemon [_thread_blocked, id=15848, stack(0x00000053fe300000,0x00000053fe400000)]
  0x000001e245d14800 JavaThread "com.google.common.base.internal.Finalizer" daemon [_thread_blocked, id=1968, stack(0x00000053fe400000,0x00000053fe500000)]
  0x000001e245d15800 JavaThread "BoneCP-keep-alive-scheduler" daemon [_thread_blocked, id=17020, stack(0x00000053fe500000,0x00000053fe600000)]
  0x000001e245f4d000 JavaThread "BoneCP-pool-watch-thread" daemon [_thread_blocked, id=10784, stack(0x00000053fe600000,0x00000053fe700000)]

Other Threads:
  0x000001e23fdbb800 VMThread "VM Thread" [stack: 0x00000053fa300000,0x00000053fa400000] [id=12096]
  0x000001e240fa0800 WatcherThread [stack: 0x00000053faf00000,0x00000053fb000000] [id=15432]
  0x000001e21c221000 GCTaskThread "GC Thread#0" [stack: 0x00000053f9e00000,0x00000053f9f00000] [id=18588]
  0x000001e241487000 GCTaskThread "GC Thread#1" [stack: 0x00000053fb000000,0x00000053fb100000] [id=17468]
  0x000001e241679800 GCTaskThread "GC Thread#2" [stack: 0x00000053fb100000,0x00000053fb200000] [id=10172]
  0x000001e241668800 GCTaskThread "GC Thread#3" [stack: 0x00000053fb200000,0x00000053fb300000] [id=384]
  0x000001e241901800 GCTaskThread "GC Thread#4" [stack: 0x00000053fb300000,0x00000053fb400000] [id=16056]
  0x000001e241902000 GCTaskThread "GC Thread#5" [stack: 0x00000053fb400000,0x00000053fb500000] [id=8880]
  0x000001e24859d000 GCTaskThread "GC Thread#6" [stack: 0x00000053fe100000,0x00000053fe200000] [id=15728]
  0x000001e21c27f800 ConcurrentGCThread "G1 Main Marker" [stack: 0x00000053f9f00000,0x00000053fa000000] [id=20440]
  0x000001e21c282000 ConcurrentGCThread "G1 Conc#0" [stack: 0x00000053fa000000,0x00000053fa100000] [id=3520]
  0x000001e241fac800 ConcurrentGCThread "G1 Conc#1" [stack: 0x00000053fb500000,0x00000053fb600000] [id=20080]
  0x000001e23fca0000 ConcurrentGCThread "G1 Refine#0" [stack: 0x00000053fa100000,0x00000053fa200000] [id=11712]
  0x000001e23fca1000 ConcurrentGCThread "G1 Young RemSet Sampling" [stack: 0x00000053fa200000,0x00000053fa300000] [id=17232]

Threads with active compile tasks:
C2 CompilerThread0    12453 6520   !   4       com.sun.org.apache.xerces.internal.impl.XMLDocumentFragmentScannerImpl$FragmentContentDriver::next (2329 bytes)
C1 CompilerThread0    12453 6541   !   3       org.datanucleus.api.jdo.metadata.JDOMetaDataHandler::startElement (5577 bytes)

VM state:not at safepoint (normal execution)

VM Mutex/Monitor currently owned by a thread: None

Heap address: 0x0000000704000000, size: 4032 MB, Compressed Oops mode: Zero based, Oop shift amount: 3
Narrow klass base: 0x0000000800000000, Narrow klass shift: 0
Compressed class space size: 1073741824 Address: 0x0000000800000000

Heap:
 garbage-first heap   total 310272K, used 187296K [0x0000000704000000, 0x0000000800000000)
  region size 1024K, 157 young (160768K), 15 survivors (15360K)
 Metaspace       used 111774K, capacity 114662K, committed 114944K, reserved 1148928K
  class space    used 13574K, capacity 15062K, committed 15104K, reserved 1048576K
Heap Regions: E=young(eden), S=young(survivor), O=old, HS=humongous(starts), HC=humongous(continues), CS=collection set, F=free, A=archive, TAMS=top-at-mark-start (previous, next)
|   0|0x0000000704000000, 0x0000000704100000, 0x0000000704100000|100%|HS|  |TAMS 0x0000000704100000, 0x0000000704000000| Complete 
|   1|0x0000000704100000, 0x0000000704200000, 0x0000000704200000|100%|HC|  |TAMS 0x0000000704200000, 0x0000000704100000| Complete 
|   2|0x0000000704200000, 0x0000000704300000, 0x0000000704300000|100%|HS|  |TAMS 0x0000000704300000, 0x0000000704200000| Complete 
|   3|0x0000000704300000, 0x0000000704400000, 0x0000000704400000|100%|HC|  |TAMS 0x0000000704400000, 0x0000000704300000| Complete 
|   4|0x0000000704400000, 0x0000000704500000, 0x0000000704500000|100%|HC|  |TAMS 0x0000000704500000, 0x0000000704400000| Complete 
|   5|0x0000000704500000, 0x0000000704600000, 0x0000000704600000|100%|HS|  |TAMS 0x0000000704600000, 0x0000000704500000| Complete 
|   6|0x0000000704600000, 0x0000000704700000, 0x0000000704700000|100%|HS|  |TAMS 0x0000000704700000, 0x0000000704600000| Complete 
|   7|0x0000000704700000, 0x0000000704800000, 0x0000000704800000|100%| O|  |TAMS 0x0000000704800000, 0x0000000704700000| Untracked 
|   8|0x0000000704800000, 0x0000000704900000, 0x0000000704900000|100%| O|  |TAMS 0x0000000704900000, 0x0000000704800000| Untracked 
|   9|0x0000000704900000, 0x0000000704a00000, 0x0000000704a00000|100%| O|  |TAMS 0x0000000704a00000, 0x0000000704900000| Untracked 
|  10|0x0000000704a00000, 0x0000000704b00000, 0x0000000704b00000|100%| O|  |TAMS 0x0000000704b00000, 0x0000000704a00000| Untracked 
|  11|0x0000000704b00000, 0x0000000704c00000, 0x0000000704c00000|100%| O|  |TAMS 0x0000000704c00000, 0x0000000704b00000| Untracked 
|  12|0x0000000704c00000, 0x0000000704d00000, 0x0000000704d00000|100%| O|  |TAMS 0x0000000704d00000, 0x0000000704c00000| Untracked 
|  13|0x0000000704d00000, 0x0000000704e00000, 0x0000000704e00000|100%| O|  |TAMS 0x0000000704e00000, 0x0000000704d00000| Untracked 
|  14|0x0000000704e00000, 0x0000000704f00000, 0x0000000704f00000|100%| O|  |TAMS 0x0000000704f00000, 0x0000000704e00000| Untracked 
|  15|0x0000000704f00000, 0x0000000705000000, 0x0000000705000000|100%| O|  |TAMS 0x0000000705000000, 0x0000000704f00000| Untracked 
|  16|0x0000000705000000, 0x0000000705100000, 0x0000000705100000|100%| O|  |TAMS 0x0000000705100000, 0x0000000705000000| Untracked 
|  17|0x0000000705100000, 0x0000000705200000, 0x0000000705200000|100%| O|  |TAMS 0x0000000705200000, 0x0000000705100000| Untracked 
|  18|0x0000000705200000, 0x0000000705300000, 0x0000000705300000|100%| O|  |TAMS 0x0000000705300000, 0x0000000705200000| Untracked 
|  19|0x0000000705300000, 0x0000000705400000, 0x0000000705400000|100%| O|  |TAMS 0x0000000705400000, 0x0000000705300000| Untracked 
|  20|0x0000000705400000, 0x0000000705500000, 0x0000000705500000|100%| O|  |TAMS 0x0000000705500000, 0x0000000705400000| Untracked 
|  21|0x0000000705500000, 0x0000000705600000, 0x0000000705600000|100%| O|  |TAMS 0x0000000705600000, 0x0000000705500000| Untracked 
|  22|0x0000000705600000, 0x0000000705700000, 0x0000000705700000|100%| O|  |TAMS 0x0000000705700000, 0x0000000705600000| Untracked 
|  23|0x0000000705700000, 0x0000000705800000, 0x0000000705800000|100%| O|  |TAMS 0x0000000705800000, 0x0000000705700000| Untracked 
|  24|0x0000000705800000, 0x0000000705900000, 0x0000000705900000|100%| O|  |TAMS 0x0000000705900000, 0x0000000705800000| Untracked 
|  25|0x0000000705900000, 0x0000000705a00000, 0x0000000705a00000|100%| O|  |TAMS 0x0000000705a00000, 0x0000000705900000| Untracked 
|  26|0x0000000705a00000, 0x0000000705b00000, 0x0000000705b00000|100%| O|  |TAMS 0x0000000705b00000, 0x0000000705a00000| Untracked 
|  27|0x0000000705b00000, 0x0000000705b98000, 0x0000000705c00000| 59%| O|  |TAMS 0x0000000705b98000, 0x0000000705b00000| Untracked 
|  28|0x0000000705c00000, 0x0000000705c00000, 0x0000000705d00000|  0%| F|  |TAMS 0x0000000705c00000, 0x0000000705c00000| Untracked 
|  29|0x0000000705d00000, 0x0000000705d00000, 0x0000000705e00000|  0%| F|  |TAMS 0x0000000705d00000, 0x0000000705d00000| Untracked 
|  30|0x0000000705e00000, 0x0000000705e00000, 0x0000000705f00000|  0%| F|  |TAMS 0x0000000705e00000, 0x0000000705e00000| Untracked 
|  31|0x0000000705f00000, 0x0000000705f00000, 0x0000000706000000|  0%| F|  |TAMS 0x0000000705f00000, 0x0000000705f00000| Untracked 
|  32|0x0000000706000000, 0x0000000706000000, 0x0000000706100000|  0%| F|  |TAMS 0x0000000706000000, 0x0000000706000000| Untracked 
|  33|0x0000000706100000, 0x0000000706100000, 0x0000000706200000|  0%| F|  |TAMS 0x0000000706100000, 0x0000000706100000| Untracked 
|  34|0x0000000706200000, 0x0000000706200000, 0x0000000706300000|  0%| F|  |TAMS 0x0000000706200000, 0x0000000706200000| Untracked 
|  35|0x0000000706300000, 0x0000000706300000, 0x0000000706400000|  0%| F|  |TAMS 0x0000000706300000, 0x0000000706300000| Untracked 
|  36|0x0000000706400000, 0x0000000706400000, 0x0000000706500000|  0%| F|  |TAMS 0x0000000706400000, 0x0000000706400000| Untracked 
|  37|0x0000000706500000, 0x0000000706500000, 0x0000000706600000|  0%| F|  |TAMS 0x0000000706500000, 0x0000000706500000| Untracked 
|  38|0x0000000706600000, 0x0000000706600000, 0x0000000706700000|  0%| F|  |TAMS 0x0000000706600000, 0x0000000706600000| Untracked 
|  39|0x0000000706700000, 0x0000000706700000, 0x0000000706800000|  0%| F|  |TAMS 0x0000000706700000, 0x0000000706700000| Untracked 
|  40|0x0000000706800000, 0x0000000706800000, 0x0000000706900000|  0%| F|  |TAMS 0x0000000706800000, 0x0000000706800000| Untracked 
|  41|0x0000000706900000, 0x0000000706900000, 0x0000000706a00000|  0%| F|  |TAMS 0x0000000706900000, 0x0000000706900000| Untracked 
|  42|0x0000000706a00000, 0x0000000706a00000, 0x0000000706b00000|  0%| F|  |TAMS 0x0000000706a00000, 0x0000000706a00000| Untracked 
|  43|0x0000000706b00000, 0x0000000706b00000, 0x0000000706c00000|  0%| F|  |TAMS 0x0000000706b00000, 0x0000000706b00000| Untracked 
|  44|0x0000000706c00000, 0x0000000706c00000, 0x0000000706d00000|  0%| F|  |TAMS 0x0000000706c00000, 0x0000000706c00000| Untracked 
|  45|0x0000000706d00000, 0x0000000706d00000, 0x0000000706e00000|  0%| F|  |TAMS 0x0000000706d00000, 0x0000000706d00000| Untracked 
|  46|0x0000000706e00000, 0x0000000706e00000, 0x0000000706f00000|  0%| F|  |TAMS 0x0000000706e00000, 0x0000000706e00000| Untracked 
|  47|0x0000000706f00000, 0x0000000706f00000, 0x0000000707000000|  0%| F|  |TAMS 0x0000000706f00000, 0x0000000706f00000| Untracked 
|  48|0x0000000707000000, 0x0000000707000000, 0x0000000707100000|  0%| F|  |TAMS 0x0000000707000000, 0x0000000707000000| Untracked 
|  49|0x0000000707100000, 0x0000000707100000, 0x0000000707200000|  0%| F|  |TAMS 0x0000000707100000, 0x0000000707100000| Untracked 
|  50|0x0000000707200000, 0x0000000707200000, 0x0000000707300000|  0%| F|  |TAMS 0x0000000707200000, 0x0000000707200000| Untracked 
|  51|0x0000000707300000, 0x0000000707300000, 0x0000000707400000|  0%| F|  |TAMS 0x0000000707300000, 0x0000000707300000| Untracked 
|  52|0x0000000707400000, 0x0000000707400000, 0x0000000707500000|  0%| F|  |TAMS 0x0000000707400000, 0x0000000707400000| Untracked 
|  53|0x0000000707500000, 0x0000000707500000, 0x0000000707600000|  0%| F|  |TAMS 0x0000000707500000, 0x0000000707500000| Untracked 
|  54|0x0000000707600000, 0x0000000707600000, 0x0000000707700000|  0%| F|  |TAMS 0x0000000707600000, 0x0000000707600000| Untracked 
|  55|0x0000000707700000, 0x0000000707700000, 0x0000000707800000|  0%| F|  |TAMS 0x0000000707700000, 0x0000000707700000| Untracked 
|  56|0x0000000707800000, 0x0000000707800000, 0x0000000707900000|  0%| F|  |TAMS 0x0000000707800000, 0x0000000707800000| Untracked 
|  57|0x0000000707900000, 0x0000000707900000, 0x0000000707a00000|  0%| F|  |TAMS 0x0000000707900000, 0x0000000707900000| Untracked 
|  58|0x0000000707a00000, 0x0000000707a00000, 0x0000000707b00000|  0%| F|  |TAMS 0x0000000707a00000, 0x0000000707a00000| Untracked 
|  59|0x0000000707b00000, 0x0000000707b00000, 0x0000000707c00000|  0%| F|  |TAMS 0x0000000707b00000, 0x0000000707b00000| Untracked 
|  60|0x0000000707c00000, 0x0000000707c00000, 0x0000000707d00000|  0%| F|  |TAMS 0x0000000707c00000, 0x0000000707c00000| Untracked 
|  61|0x0000000707d00000, 0x0000000707d00000, 0x0000000707e00000|  0%| F|  |TAMS 0x0000000707d00000, 0x0000000707d00000| Untracked 
|  62|0x0000000707e00000, 0x0000000707e00000, 0x0000000707f00000|  0%| F|  |TAMS 0x0000000707e00000, 0x0000000707e00000| Untracked 
|  63|0x0000000707f00000, 0x0000000707f00000, 0x0000000708000000|  0%| F|  |TAMS 0x0000000707f00000, 0x0000000707f00000| Untracked 
|  64|0x0000000708000000, 0x0000000708000000, 0x0000000708100000|  0%| F|  |TAMS 0x0000000708000000, 0x0000000708000000| Untracked 
|  65|0x0000000708100000, 0x0000000708100000, 0x0000000708200000|  0%| F|  |TAMS 0x0000000708100000, 0x0000000708100000| Untracked 
|  66|0x0000000708200000, 0x0000000708200000, 0x0000000708300000|  0%| F|  |TAMS 0x0000000708200000, 0x0000000708200000| Untracked 
|  67|0x0000000708300000, 0x0000000708300000, 0x0000000708400000|  0%| F|  |TAMS 0x0000000708300000, 0x0000000708300000| Untracked 
|  68|0x0000000708400000, 0x0000000708400000, 0x0000000708500000|  0%| F|  |TAMS 0x0000000708400000, 0x0000000708400000| Untracked 
|  69|0x0000000708500000, 0x0000000708500000, 0x0000000708600000|  0%| F|  |TAMS 0x0000000708500000, 0x0000000708500000| Untracked 
|  70|0x0000000708600000, 0x0000000708600000, 0x0000000708700000|  0%| F|  |TAMS 0x0000000708600000, 0x0000000708600000| Untracked 
|  71|0x0000000708700000, 0x0000000708700000, 0x0000000708800000|  0%| F|  |TAMS 0x0000000708700000, 0x0000000708700000| Untracked 
|  72|0x0000000708800000, 0x0000000708800000, 0x0000000708900000|  0%| F|  |TAMS 0x0000000708800000, 0x0000000708800000| Untracked 
|  73|0x0000000708900000, 0x0000000708900000, 0x0000000708a00000|  0%| F|  |TAMS 0x0000000708900000, 0x0000000708900000| Untracked 
|  74|0x0000000708a00000, 0x0000000708a00000, 0x0000000708b00000|  0%| F|  |TAMS 0x0000000708a00000, 0x0000000708a00000| Untracked 
|  75|0x0000000708b00000, 0x0000000708b00000, 0x0000000708c00000|  0%| F|  |TAMS 0x0000000708b00000, 0x0000000708b00000| Untracked 
|  76|0x0000000708c00000, 0x0000000708c00000, 0x0000000708d00000|  0%| F|  |TAMS 0x0000000708c00000, 0x0000000708c00000| Untracked 
|  77|0x0000000708d00000, 0x0000000708d00000, 0x0000000708e00000|  0%| F|  |TAMS 0x0000000708d00000, 0x0000000708d00000| Untracked 
|  78|0x0000000708e00000, 0x0000000708e00000, 0x0000000708f00000|  0%| F|  |TAMS 0x0000000708e00000, 0x0000000708e00000| Untracked 
|  79|0x0000000708f00000, 0x0000000708f00000, 0x0000000709000000|  0%| F|  |TAMS 0x0000000708f00000, 0x0000000708f00000| Untracked 
|  80|0x0000000709000000, 0x0000000709000000, 0x0000000709100000|  0%| F|  |TAMS 0x0000000709000000, 0x0000000709000000| Untracked 
|  81|0x0000000709100000, 0x0000000709100000, 0x0000000709200000|  0%| F|  |TAMS 0x0000000709100000, 0x0000000709100000| Untracked 
|  82|0x0000000709200000, 0x0000000709200000, 0x0000000709300000|  0%| F|  |TAMS 0x0000000709200000, 0x0000000709200000| Untracked 
|  83|0x0000000709300000, 0x0000000709300000, 0x0000000709400000|  0%| F|  |TAMS 0x0000000709300000, 0x0000000709300000| Untracked 
|  84|0x0000000709400000, 0x0000000709400000, 0x0000000709500000|  0%| F|  |TAMS 0x0000000709400000, 0x0000000709400000| Untracked 
|  85|0x0000000709500000, 0x0000000709500000, 0x0000000709600000|  0%| F|  |TAMS 0x0000000709500000, 0x0000000709500000| Untracked 
|  86|0x0000000709600000, 0x0000000709600000, 0x0000000709700000|  0%| F|  |TAMS 0x0000000709600000, 0x0000000709600000| Untracked 
|  87|0x0000000709700000, 0x0000000709700000, 0x0000000709800000|  0%| F|  |TAMS 0x0000000709700000, 0x0000000709700000| Untracked 
|  88|0x0000000709800000, 0x0000000709800000, 0x0000000709900000|  0%| F|  |TAMS 0x0000000709800000, 0x0000000709800000| Untracked 
|  89|0x0000000709900000, 0x0000000709900000, 0x0000000709a00000|  0%| F|  |TAMS 0x0000000709900000, 0x0000000709900000| Untracked 
|  90|0x0000000709a00000, 0x0000000709a00000, 0x0000000709b00000|  0%| F|  |TAMS 0x0000000709a00000, 0x0000000709a00000| Untracked 
|  91|0x0000000709b00000, 0x0000000709b00000, 0x0000000709c00000|  0%| F|  |TAMS 0x0000000709b00000, 0x0000000709b00000| Untracked 
|  92|0x0000000709c00000, 0x0000000709c00000, 0x0000000709d00000|  0%| F|  |TAMS 0x0000000709c00000, 0x0000000709c00000| Untracked 
|  93|0x0000000709d00000, 0x0000000709d00000, 0x0000000709e00000|  0%| F|  |TAMS 0x0000000709d00000, 0x0000000709d00000| Untracked 
|  94|0x0000000709e00000, 0x0000000709e00000, 0x0000000709f00000|  0%| F|  |TAMS 0x0000000709e00000, 0x0000000709e00000| Untracked 
|  95|0x0000000709f00000, 0x0000000709f00000, 0x000000070a000000|  0%| F|  |TAMS 0x0000000709f00000, 0x0000000709f00000| Untracked 
|  96|0x000000070a000000, 0x000000070a000000, 0x000000070a100000|  0%| F|  |TAMS 0x000000070a000000, 0x000000070a000000| Untracked 
|  97|0x000000070a100000, 0x000000070a100000, 0x000000070a200000|  0%| F|  |TAMS 0x000000070a100000, 0x000000070a100000| Untracked 
|  98|0x000000070a200000, 0x000000070a200000, 0x000000070a300000|  0%| F|  |TAMS 0x000000070a200000, 0x000000070a200000| Untracked 
|  99|0x000000070a300000, 0x000000070a300000, 0x000000070a400000|  0%| F|  |TAMS 0x000000070a300000, 0x000000070a300000| Untracked 
| 100|0x000000070a400000, 0x000000070a400000, 0x000000070a500000|  0%| F|  |TAMS 0x000000070a400000, 0x000000070a400000| Untracked 
| 101|0x000000070a500000, 0x000000070a500000, 0x000000070a600000|  0%| F|  |TAMS 0x000000070a500000, 0x000000070a500000| Untracked 
| 102|0x000000070a600000, 0x000000070a600000, 0x000000070a700000|  0%| F|  |TAMS 0x000000070a600000, 0x000000070a600000| Untracked 
| 103|0x000000070a700000, 0x000000070a700000, 0x000000070a800000|  0%| F|  |TAMS 0x000000070a700000, 0x000000070a700000| Untracked 
| 104|0x000000070a800000, 0x000000070a800000, 0x000000070a900000|  0%| F|  |TAMS 0x000000070a800000, 0x000000070a800000| Untracked 
| 105|0x000000070a900000, 0x000000070a900000, 0x000000070aa00000|  0%| F|  |TAMS 0x000000070a900000, 0x000000070a900000| Untracked 
| 106|0x000000070aa00000, 0x000000070aa00000, 0x000000070ab00000|  0%| F|  |TAMS 0x000000070aa00000, 0x000000070aa00000| Untracked 
| 107|0x000000070ab00000, 0x000000070ab00000, 0x000000070ac00000|  0%| F|  |TAMS 0x000000070ab00000, 0x000000070ab00000| Untracked 
| 108|0x000000070ac00000, 0x000000070ac00000, 0x000000070ad00000|  0%| F|  |TAMS 0x000000070ac00000, 0x000000070ac00000| Untracked 
| 109|0x000000070ad00000, 0x000000070ad00000, 0x000000070ae00000|  0%| F|  |TAMS 0x000000070ad00000, 0x000000070ad00000| Untracked 
| 110|0x000000070ae00000, 0x000000070ae00000, 0x000000070af00000|  0%| F|  |TAMS 0x000000070ae00000, 0x000000070ae00000| Untracked 
| 111|0x000000070af00000, 0x000000070af00000, 0x000000070b000000|  0%| F|  |TAMS 0x000000070af00000, 0x000000070af00000| Untracked 
| 112|0x000000070b000000, 0x000000070b000000, 0x000000070b100000|  0%| F|  |TAMS 0x000000070b000000, 0x000000070b000000| Untracked 
| 113|0x000000070b100000, 0x000000070b100000, 0x000000070b200000|  0%| F|  |TAMS 0x000000070b100000, 0x000000070b100000| Untracked 
| 114|0x000000070b200000, 0x000000070b200000, 0x000000070b300000|  0%| F|  |TAMS 0x000000070b200000, 0x000000070b200000| Untracked 
| 115|0x000000070b300000, 0x000000070b300000, 0x000000070b400000|  0%| F|  |TAMS 0x000000070b300000, 0x000000070b300000| Untracked 
| 116|0x000000070b400000, 0x000000070b400000, 0x000000070b500000|  0%| F|  |TAMS 0x000000070b400000, 0x000000070b400000| Untracked 
| 117|0x000000070b500000, 0x000000070b500000, 0x000000070b600000|  0%| F|  |TAMS 0x000000070b500000, 0x000000070b500000| Untracked 
| 118|0x000000070b600000, 0x000000070b600000, 0x000000070b700000|  0%| F|  |TAMS 0x000000070b600000, 0x000000070b600000| Untracked 
| 119|0x000000070b700000, 0x000000070b700000, 0x000000070b800000|  0%| F|  |TAMS 0x000000070b700000, 0x000000070b700000| Untracked 
| 120|0x000000070b800000, 0x000000070b800000, 0x000000070b900000|  0%| F|  |TAMS 0x000000070b800000, 0x000000070b800000| Untracked 
| 121|0x000000070b900000, 0x000000070b900000, 0x000000070ba00000|  0%| F|  |TAMS 0x000000070b900000, 0x000000070b900000| Untracked 
| 122|0x000000070ba00000, 0x000000070ba00000, 0x000000070bb00000|  0%| F|  |TAMS 0x000000070ba00000, 0x000000070ba00000| Untracked 
| 123|0x000000070bb00000, 0x000000070bb00000, 0x000000070bc00000|  0%| F|  |TAMS 0x000000070bb00000, 0x000000070bb00000| Untracked 
| 124|0x000000070bc00000, 0x000000070bc00000, 0x000000070bd00000|  0%| F|  |TAMS 0x000000070bc00000, 0x000000070bc00000| Untracked 
| 125|0x000000070bd00000, 0x000000070bd00000, 0x000000070be00000|  0%| F|  |TAMS 0x000000070bd00000, 0x000000070bd00000| Untracked 
| 126|0x000000070be00000, 0x000000070be00000, 0x000000070bf00000|  0%| F|  |TAMS 0x000000070be00000, 0x000000070be00000| Untracked 
| 127|0x000000070bf00000, 0x000000070bf00000, 0x000000070c000000|  0%| F|  |TAMS 0x000000070bf00000, 0x000000070bf00000| Untracked 
| 128|0x000000070c000000, 0x000000070c000000, 0x000000070c100000|  0%| F|  |TAMS 0x000000070c000000, 0x000000070c000000| Untracked 
| 129|0x000000070c100000, 0x000000070c100000, 0x000000070c200000|  0%| F|  |TAMS 0x000000070c100000, 0x000000070c100000| Untracked 
| 130|0x000000070c200000, 0x000000070c200000, 0x000000070c300000|  0%| F|  |TAMS 0x000000070c200000, 0x000000070c200000| Untracked 
| 131|0x000000070c300000, 0x000000070c300000, 0x000000070c400000|  0%| F|  |TAMS 0x000000070c300000, 0x000000070c300000| Untracked 
| 132|0x000000070c400000, 0x000000070c400000, 0x000000070c500000|  0%| F|  |TAMS 0x000000070c400000, 0x000000070c400000| Untracked 
| 133|0x000000070c500000, 0x000000070c500000, 0x000000070c600000|  0%| F|  |TAMS 0x000000070c500000, 0x000000070c500000| Untracked 
| 134|0x000000070c600000, 0x000000070c600000, 0x000000070c700000|  0%| F|  |TAMS 0x000000070c600000, 0x000000070c600000| Untracked 
| 135|0x000000070c700000, 0x000000070c700000, 0x000000070c800000|  0%| F|  |TAMS 0x000000070c700000, 0x000000070c700000| Untracked 
| 136|0x000000070c800000, 0x000000070c800000, 0x000000070c900000|  0%| F|  |TAMS 0x000000070c800000, 0x000000070c800000| Untracked 
| 137|0x000000070c900000, 0x000000070c900000, 0x000000070ca00000|  0%| F|  |TAMS 0x000000070c900000, 0x000000070c900000| Untracked 
| 138|0x000000070ca00000, 0x000000070ca00000, 0x000000070cb00000|  0%| F|  |TAMS 0x000000070ca00000, 0x000000070ca00000| Untracked 
| 139|0x000000070cb00000, 0x000000070cb00000, 0x000000070cc00000|  0%| F|  |TAMS 0x000000070cb00000, 0x000000070cb00000| Untracked 
| 140|0x000000070cc00000, 0x000000070cc00000, 0x000000070cd00000|  0%| F|  |TAMS 0x000000070cc00000, 0x000000070cc00000| Untracked 
| 141|0x000000070cd00000, 0x000000070cd00000, 0x000000070ce00000|  0%| F|  |TAMS 0x000000070cd00000, 0x000000070cd00000| Untracked 
| 142|0x000000070ce00000, 0x000000070ce00000, 0x000000070cf00000|  0%| F|  |TAMS 0x000000070ce00000, 0x000000070ce00000| Untracked 
| 143|0x000000070cf00000, 0x000000070cf00000, 0x000000070d000000|  0%| F|  |TAMS 0x000000070cf00000, 0x000000070cf00000| Untracked 
| 144|0x000000070d000000, 0x000000070d000000, 0x000000070d100000|  0%| F|  |TAMS 0x000000070d000000, 0x000000070d000000| Untracked 
| 145|0x000000070d100000, 0x000000070d180800, 0x000000070d200000| 50%| E|  |TAMS 0x000000070d100000, 0x000000070d100000| Complete 
| 146|0x000000070d200000, 0x000000070d300000, 0x000000070d300000|100%| E|CS|TAMS 0x000000070d200000, 0x000000070d200000| Complete 
| 147|0x000000070d300000, 0x000000070d400000, 0x000000070d400000|100%| E|CS|TAMS 0x000000070d300000, 0x000000070d300000| Complete 
| 148|0x000000070d400000, 0x000000070d500000, 0x000000070d500000|100%| E|CS|TAMS 0x000000070d400000, 0x000000070d400000| Complete 
| 149|0x000000070d500000, 0x000000070d600000, 0x000000070d600000|100%| E|CS|TAMS 0x000000070d500000, 0x000000070d500000| Complete 
| 150|0x000000070d600000, 0x000000070d700000, 0x000000070d700000|100%| E|CS|TAMS 0x000000070d600000, 0x000000070d600000| Complete 
| 151|0x000000070d700000, 0x000000070d800000, 0x000000070d800000|100%| E|CS|TAMS 0x000000070d700000, 0x000000070d700000| Complete 
| 152|0x000000070d800000, 0x000000070d900000, 0x000000070d900000|100%| E|CS|TAMS 0x000000070d800000, 0x000000070d800000| Complete 
| 153|0x000000070d900000, 0x000000070da00000, 0x000000070da00000|100%| E|CS|TAMS 0x000000070d900000, 0x000000070d900000| Complete 
| 154|0x000000070da00000, 0x000000070db00000, 0x000000070db00000|100%| E|CS|TAMS 0x000000070da00000, 0x000000070da00000| Complete 
| 155|0x000000070db00000, 0x000000070dc00000, 0x000000070dc00000|100%| E|CS|TAMS 0x000000070db00000, 0x000000070db00000| Complete 
| 156|0x000000070dc00000, 0x000000070dd00000, 0x000000070dd00000|100%| E|CS|TAMS 0x000000070dc00000, 0x000000070dc00000| Complete 
| 157|0x000000070dd00000, 0x000000070de00000, 0x000000070de00000|100%| E|CS|TAMS 0x000000070dd00000, 0x000000070dd00000| Complete 
| 158|0x000000070de00000, 0x000000070df00000, 0x000000070df00000|100%| E|CS|TAMS 0x000000070de00000, 0x000000070de00000| Complete 
| 159|0x000000070df00000, 0x000000070e000000, 0x000000070e000000|100%| E|CS|TAMS 0x000000070df00000, 0x000000070df00000| Complete 
| 160|0x000000070e000000, 0x000000070e100000, 0x000000070e100000|100%| E|CS|TAMS 0x000000070e000000, 0x000000070e000000| Complete 
| 161|0x000000070e100000, 0x000000070e200000, 0x000000070e200000|100%| E|CS|TAMS 0x000000070e100000, 0x000000070e100000| Complete 
| 162|0x000000070e200000, 0x000000070e300000, 0x000000070e300000|100%| E|CS|TAMS 0x000000070e200000, 0x000000070e200000| Complete 
| 163|0x000000070e300000, 0x000000070e400000, 0x000000070e400000|100%| E|CS|TAMS 0x000000070e300000, 0x000000070e300000| Complete 
| 164|0x000000070e400000, 0x000000070e500000, 0x000000070e500000|100%| E|CS|TAMS 0x000000070e400000, 0x000000070e400000| Complete 
| 165|0x000000070e500000, 0x000000070e600000, 0x000000070e600000|100%| E|CS|TAMS 0x000000070e500000, 0x000000070e500000| Complete 
| 166|0x000000070e600000, 0x000000070e700000, 0x000000070e700000|100%| E|CS|TAMS 0x000000070e600000, 0x000000070e600000| Complete 
| 167|0x000000070e700000, 0x000000070e800000, 0x000000070e800000|100%| E|CS|TAMS 0x000000070e700000, 0x000000070e700000| Complete 
| 168|0x000000070e800000, 0x000000070e900000, 0x000000070e900000|100%| E|CS|TAMS 0x000000070e800000, 0x000000070e800000| Complete 
| 169|0x000000070e900000, 0x000000070ea00000, 0x000000070ea00000|100%| E|CS|TAMS 0x000000070e900000, 0x000000070e900000| Complete 
| 170|0x000000070ea00000, 0x000000070eb00000, 0x000000070eb00000|100%| E|CS|TAMS 0x000000070ea00000, 0x000000070ea00000| Complete 
| 171|0x000000070eb00000, 0x000000070ec00000, 0x000000070ec00000|100%| E|CS|TAMS 0x000000070eb00000, 0x000000070eb00000| Complete 
| 172|0x000000070ec00000, 0x000000070ed00000, 0x000000070ed00000|100%| E|CS|TAMS 0x000000070ec00000, 0x000000070ec00000| Complete 
| 173|0x000000070ed00000, 0x000000070ee00000, 0x000000070ee00000|100%| E|CS|TAMS 0x000000070ed00000, 0x000000070ed00000| Complete 
| 174|0x000000070ee00000, 0x000000070ef00000, 0x000000070ef00000|100%| E|CS|TAMS 0x000000070ee00000, 0x000000070ee00000| Complete 
| 175|0x000000070ef00000, 0x000000070f000000, 0x000000070f000000|100%| E|CS|TAMS 0x000000070ef00000, 0x000000070ef00000| Complete 
| 176|0x000000070f000000, 0x000000070f100000, 0x000000070f100000|100%| E|CS|TAMS 0x000000070f000000, 0x000000070f000000| Complete 
| 177|0x000000070f100000, 0x000000070f200000, 0x000000070f200000|100%| E|CS|TAMS 0x000000070f100000, 0x000000070f100000| Complete 
| 178|0x000000070f200000, 0x000000070f300000, 0x000000070f300000|100%| E|CS|TAMS 0x000000070f200000, 0x000000070f200000| Complete 
| 179|0x000000070f300000, 0x000000070f400000, 0x000000070f400000|100%| E|CS|TAMS 0x000000070f300000, 0x000000070f300000| Complete 
| 180|0x000000070f400000, 0x000000070f500000, 0x000000070f500000|100%| E|CS|TAMS 0x000000070f400000, 0x000000070f400000| Complete 
| 181|0x000000070f500000, 0x000000070f600000, 0x000000070f600000|100%| E|CS|TAMS 0x000000070f500000, 0x000000070f500000| Complete 
| 182|0x000000070f600000, 0x000000070f700000, 0x000000070f700000|100%| E|CS|TAMS 0x000000070f600000, 0x000000070f600000| Complete 
| 183|0x000000070f700000, 0x000000070f800000, 0x000000070f800000|100%| E|CS|TAMS 0x000000070f700000, 0x000000070f700000| Complete 
| 184|0x000000070f800000, 0x000000070f900000, 0x000000070f900000|100%| E|CS|TAMS 0x000000070f800000, 0x000000070f800000| Complete 
| 185|0x000000070f900000, 0x000000070fa00000, 0x000000070fa00000|100%| E|CS|TAMS 0x000000070f900000, 0x000000070f900000| Complete 
| 186|0x000000070fa00000, 0x000000070fb00000, 0x000000070fb00000|100%| E|CS|TAMS 0x000000070fa00000, 0x000000070fa00000| Complete 
| 187|0x000000070fb00000, 0x000000070fc00000, 0x000000070fc00000|100%| E|CS|TAMS 0x000000070fb00000, 0x000000070fb00000| Complete 
| 188|0x000000070fc00000, 0x000000070fd00000, 0x000000070fd00000|100%| E|CS|TAMS 0x000000070fc00000, 0x000000070fc00000| Complete 
| 189|0x000000070fd00000, 0x000000070fe00000, 0x000000070fe00000|100%| E|CS|TAMS 0x000000070fd00000, 0x000000070fd00000| Complete 
| 190|0x000000070fe00000, 0x000000070ff00000, 0x000000070ff00000|100%| E|CS|TAMS 0x000000070fe00000, 0x000000070fe00000| Complete 
| 191|0x000000070ff00000, 0x0000000710000000, 0x0000000710000000|100%| E|CS|TAMS 0x000000070ff00000, 0x000000070ff00000| Complete 
| 192|0x0000000710000000, 0x0000000710100000, 0x0000000710100000|100%| E|CS|TAMS 0x0000000710000000, 0x0000000710000000| Complete 
| 193|0x0000000710100000, 0x0000000710200000, 0x0000000710200000|100%| E|CS|TAMS 0x0000000710100000, 0x0000000710100000| Complete 
| 194|0x0000000710200000, 0x0000000710300000, 0x0000000710300000|100%| E|CS|TAMS 0x0000000710200000, 0x0000000710200000| Complete 
| 195|0x0000000710300000, 0x0000000710400000, 0x0000000710400000|100%| E|CS|TAMS 0x0000000710300000, 0x0000000710300000| Complete 
| 196|0x0000000710400000, 0x0000000710500000, 0x0000000710500000|100%| E|CS|TAMS 0x0000000710400000, 0x0000000710400000| Complete 
| 197|0x0000000710500000, 0x0000000710600000, 0x0000000710600000|100%| E|CS|TAMS 0x0000000710500000, 0x0000000710500000| Complete 
| 198|0x0000000710600000, 0x0000000710700000, 0x0000000710700000|100%| E|CS|TAMS 0x0000000710600000, 0x0000000710600000| Complete 
| 199|0x0000000710700000, 0x0000000710800000, 0x0000000710800000|100%| E|CS|TAMS 0x0000000710700000, 0x0000000710700000| Complete 
| 200|0x0000000710800000, 0x0000000710900000, 0x0000000710900000|100%| E|CS|TAMS 0x0000000710800000, 0x0000000710800000| Complete 
| 201|0x0000000710900000, 0x0000000710a00000, 0x0000000710a00000|100%| E|CS|TAMS 0x0000000710900000, 0x0000000710900000| Complete 
| 202|0x0000000710a00000, 0x0000000710b00000, 0x0000000710b00000|100%| E|CS|TAMS 0x0000000710a00000, 0x0000000710a00000| Complete 
| 203|0x0000000710b00000, 0x0000000710b500f0, 0x0000000710c00000| 31%| S|CS|TAMS 0x0000000710b00000, 0x0000000710b00000| Complete 
| 204|0x0000000710c00000, 0x0000000710d00000, 0x0000000710d00000|100%| S|CS|TAMS 0x0000000710c00000, 0x0000000710c00000| Complete 
| 205|0x0000000710d00000, 0x0000000710e00000, 0x0000000710e00000|100%| S|CS|TAMS 0x0000000710d00000, 0x0000000710d00000| Complete 
| 206|0x0000000710e00000, 0x0000000710f00000, 0x0000000710f00000|100%| S|CS|TAMS 0x0000000710e00000, 0x0000000710e00000| Complete 
| 207|0x0000000710f00000, 0x0000000711000000, 0x0000000711000000|100%| S|CS|TAMS 0x0000000710f00000, 0x0000000710f00000| Complete 
| 208|0x0000000711000000, 0x0000000711100000, 0x0000000711100000|100%| S|CS|TAMS 0x0000000711000000, 0x0000000711000000| Complete 
| 209|0x0000000711100000, 0x0000000711200000, 0x0000000711200000|100%| S|CS|TAMS 0x0000000711100000, 0x0000000711100000| Complete 
| 210|0x0000000711200000, 0x0000000711300000, 0x0000000711300000|100%| S|CS|TAMS 0x0000000711200000, 0x0000000711200000| Complete 
| 211|0x0000000711300000, 0x0000000711400000, 0x0000000711400000|100%| S|CS|TAMS 0x0000000711300000, 0x0000000711300000| Complete 
| 212|0x0000000711400000, 0x0000000711500000, 0x0000000711500000|100%| S|CS|TAMS 0x0000000711400000, 0x0000000711400000| Complete 
| 213|0x0000000711500000, 0x0000000711600000, 0x0000000711600000|100%| S|CS|TAMS 0x0000000711500000, 0x0000000711500000| Complete 
| 214|0x0000000711600000, 0x0000000711700000, 0x0000000711700000|100%| S|CS|TAMS 0x0000000711600000, 0x0000000711600000| Complete 
| 215|0x0000000711700000, 0x0000000711800000, 0x0000000711800000|100%| S|CS|TAMS 0x0000000711700000, 0x0000000711700000| Complete 
| 216|0x0000000711800000, 0x0000000711900000, 0x0000000711900000|100%| S|CS|TAMS 0x0000000711800000, 0x0000000711800000| Complete 
| 217|0x0000000711900000, 0x0000000711a00000, 0x0000000711a00000|100%| S|CS|TAMS 0x0000000711900000, 0x0000000711900000| Complete 
| 218|0x0000000711a00000, 0x0000000711b00000, 0x0000000711b00000|100%| E|CS|TAMS 0x0000000711a00000, 0x0000000711a00000| Complete 
| 219|0x0000000711b00000, 0x0000000711c00000, 0x0000000711c00000|100%| E|CS|TAMS 0x0000000711b00000, 0x0000000711b00000| Complete 
| 220|0x0000000711c00000, 0x0000000711d00000, 0x0000000711d00000|100%| E|CS|TAMS 0x0000000711c00000, 0x0000000711c00000| Complete 
| 221|0x0000000711d00000, 0x0000000711e00000, 0x0000000711e00000|100%| E|CS|TAMS 0x0000000711d00000, 0x0000000711d00000| Complete 
| 222|0x0000000711e00000, 0x0000000711f00000, 0x0000000711f00000|100%| E|CS|TAMS 0x0000000711e00000, 0x0000000711e00000| Complete 
| 223|0x0000000711f00000, 0x0000000712000000, 0x0000000712000000|100%| E|CS|TAMS 0x0000000711f00000, 0x0000000711f00000| Complete 
| 224|0x0000000712000000, 0x0000000712100000, 0x0000000712100000|100%| E|CS|TAMS 0x0000000712000000, 0x0000000712000000| Complete 
| 225|0x0000000712100000, 0x0000000712200000, 0x0000000712200000|100%| E|CS|TAMS 0x0000000712100000, 0x0000000712100000| Complete 
| 226|0x0000000712200000, 0x0000000712300000, 0x0000000712300000|100%| E|CS|TAMS 0x0000000712200000, 0x0000000712200000| Complete 
| 227|0x0000000712300000, 0x0000000712400000, 0x0000000712400000|100%| E|CS|TAMS 0x0000000712300000, 0x0000000712300000| Complete 
| 228|0x0000000712400000, 0x0000000712500000, 0x0000000712500000|100%| E|CS|TAMS 0x0000000712400000, 0x0000000712400000| Complete 
| 229|0x0000000712500000, 0x0000000712600000, 0x0000000712600000|100%| E|CS|TAMS 0x0000000712500000, 0x0000000712500000| Complete 
| 230|0x0000000712600000, 0x0000000712700000, 0x0000000712700000|100%| E|CS|TAMS 0x0000000712600000, 0x0000000712600000| Complete 
| 231|0x0000000712700000, 0x0000000712800000, 0x0000000712800000|100%| E|CS|TAMS 0x0000000712700000, 0x0000000712700000| Complete 
| 232|0x0000000712800000, 0x0000000712900000, 0x0000000712900000|100%| E|CS|TAMS 0x0000000712800000, 0x0000000712800000| Complete 
| 233|0x0000000712900000, 0x0000000712a00000, 0x0000000712a00000|100%| E|CS|TAMS 0x0000000712900000, 0x0000000712900000| Complete 
| 234|0x0000000712a00000, 0x0000000712b00000, 0x0000000712b00000|100%| E|CS|TAMS 0x0000000712a00000, 0x0000000712a00000| Complete 
| 235|0x0000000712b00000, 0x0000000712c00000, 0x0000000712c00000|100%| E|CS|TAMS 0x0000000712b00000, 0x0000000712b00000| Complete 
| 236|0x0000000712c00000, 0x0000000712d00000, 0x0000000712d00000|100%| E|CS|TAMS 0x0000000712c00000, 0x0000000712c00000| Complete 
| 237|0x0000000712d00000, 0x0000000712e00000, 0x0000000712e00000|100%| E|CS|TAMS 0x0000000712d00000, 0x0000000712d00000| Complete 
| 238|0x0000000712e00000, 0x0000000712f00000, 0x0000000712f00000|100%| E|CS|TAMS 0x0000000712e00000, 0x0000000712e00000| Complete 
| 239|0x0000000712f00000, 0x0000000713000000, 0x0000000713000000|100%| E|CS|TAMS 0x0000000712f00000, 0x0000000712f00000| Complete 
| 240|0x0000000713000000, 0x0000000713100000, 0x0000000713100000|100%| E|CS|TAMS 0x0000000713000000, 0x0000000713000000| Complete 
| 241|0x0000000713100000, 0x0000000713200000, 0x0000000713200000|100%| E|CS|TAMS 0x0000000713100000, 0x0000000713100000| Complete 
| 242|0x0000000713200000, 0x0000000713300000, 0x0000000713300000|100%| E|CS|TAMS 0x0000000713200000, 0x0000000713200000| Complete 
| 243|0x0000000713300000, 0x0000000713400000, 0x0000000713400000|100%| E|CS|TAMS 0x0000000713300000, 0x0000000713300000| Complete 
| 244|0x0000000713400000, 0x0000000713500000, 0x0000000713500000|100%| E|CS|TAMS 0x0000000713400000, 0x0000000713400000| Complete 
| 245|0x0000000713500000, 0x0000000713600000, 0x0000000713600000|100%| E|CS|TAMS 0x0000000713500000, 0x0000000713500000| Complete 
| 246|0x0000000713600000, 0x0000000713700000, 0x0000000713700000|100%| E|CS|TAMS 0x0000000713600000, 0x0000000713600000| Complete 
| 247|0x0000000713700000, 0x0000000713800000, 0x0000000713800000|100%| E|CS|TAMS 0x0000000713700000, 0x0000000713700000| Complete 
| 248|0x0000000713800000, 0x0000000713900000, 0x0000000713900000|100%| E|CS|TAMS 0x0000000713800000, 0x0000000713800000| Complete 
| 249|0x0000000713900000, 0x0000000713a00000, 0x0000000713a00000|100%| E|CS|TAMS 0x0000000713900000, 0x0000000713900000| Complete 
| 250|0x0000000713a00000, 0x0000000713b00000, 0x0000000713b00000|100%| E|CS|TAMS 0x0000000713a00000, 0x0000000713a00000| Complete 
| 251|0x0000000713b00000, 0x0000000713c00000, 0x0000000713c00000|100%| E|CS|TAMS 0x0000000713b00000, 0x0000000713b00000| Complete 
| 252|0x0000000713c00000, 0x0000000713d00000, 0x0000000713d00000|100%| E|CS|TAMS 0x0000000713c00000, 0x0000000713c00000| Complete 
| 253|0x0000000713d00000, 0x0000000713e00000, 0x0000000713e00000|100%| E|CS|TAMS 0x0000000713d00000, 0x0000000713d00000| Complete 
| 254|0x0000000713e00000, 0x0000000713f00000, 0x0000000713f00000|100%| E|CS|TAMS 0x0000000713e00000, 0x0000000713e00000| Complete 
| 255|0x0000000713f00000, 0x0000000714000000, 0x0000000714000000|100%| E|CS|TAMS 0x0000000713f00000, 0x0000000713f00000| Complete 
| 256|0x0000000714000000, 0x0000000714100000, 0x0000000714100000|100%| E|CS|TAMS 0x0000000714000000, 0x0000000714000000| Complete 
| 257|0x0000000714100000, 0x0000000714200000, 0x0000000714200000|100%| E|CS|TAMS 0x0000000714100000, 0x0000000714100000| Complete 
| 258|0x0000000714200000, 0x0000000714300000, 0x0000000714300000|100%| E|CS|TAMS 0x0000000714200000, 0x0000000714200000| Complete 
| 259|0x0000000714300000, 0x0000000714400000, 0x0000000714400000|100%| E|CS|TAMS 0x0000000714300000, 0x0000000714300000| Complete 
| 260|0x0000000714400000, 0x0000000714500000, 0x0000000714500000|100%| E|CS|TAMS 0x0000000714400000, 0x0000000714400000| Complete 
| 261|0x0000000714500000, 0x0000000714600000, 0x0000000714600000|100%| E|CS|TAMS 0x0000000714500000, 0x0000000714500000| Complete 
| 262|0x0000000714600000, 0x0000000714700000, 0x0000000714700000|100%| E|CS|TAMS 0x0000000714600000, 0x0000000714600000| Complete 
| 263|0x0000000714700000, 0x0000000714800000, 0x0000000714800000|100%| E|CS|TAMS 0x0000000714700000, 0x0000000714700000| Complete 
| 264|0x0000000714800000, 0x0000000714900000, 0x0000000714900000|100%| E|CS|TAMS 0x0000000714800000, 0x0000000714800000| Complete 
| 265|0x0000000714900000, 0x0000000714a00000, 0x0000000714a00000|100%| E|CS|TAMS 0x0000000714900000, 0x0000000714900000| Complete 
| 266|0x0000000714a00000, 0x0000000714b00000, 0x0000000714b00000|100%| E|CS|TAMS 0x0000000714a00000, 0x0000000714a00000| Complete 
| 267|0x0000000714b00000, 0x0000000714c00000, 0x0000000714c00000|100%| E|CS|TAMS 0x0000000714b00000, 0x0000000714b00000| Complete 
| 268|0x0000000714c00000, 0x0000000714d00000, 0x0000000714d00000|100%| E|CS|TAMS 0x0000000714c00000, 0x0000000714c00000| Complete 
| 269|0x0000000714d00000, 0x0000000714e00000, 0x0000000714e00000|100%| E|CS|TAMS 0x0000000714d00000, 0x0000000714d00000| Complete 
| 270|0x0000000714e00000, 0x0000000714f00000, 0x0000000714f00000|100%| E|CS|TAMS 0x0000000714e00000, 0x0000000714e00000| Complete 
| 271|0x0000000714f00000, 0x0000000715000000, 0x0000000715000000|100%| E|CS|TAMS 0x0000000714f00000, 0x0000000714f00000| Complete 
| 272|0x0000000715000000, 0x0000000715100000, 0x0000000715100000|100%| E|CS|TAMS 0x0000000715000000, 0x0000000715000000| Complete 
| 273|0x0000000715100000, 0x0000000715200000, 0x0000000715200000|100%| E|CS|TAMS 0x0000000715100000, 0x0000000715100000| Complete 
| 274|0x0000000715200000, 0x0000000715300000, 0x0000000715300000|100%| E|CS|TAMS 0x0000000715200000, 0x0000000715200000| Complete 
| 275|0x0000000715300000, 0x0000000715400000, 0x0000000715400000|100%| E|CS|TAMS 0x0000000715300000, 0x0000000715300000| Complete 
| 276|0x0000000715400000, 0x0000000715500000, 0x0000000715500000|100%| E|CS|TAMS 0x0000000715400000, 0x0000000715400000| Complete 
| 277|0x0000000715500000, 0x0000000715600000, 0x0000000715600000|100%| E|CS|TAMS 0x0000000715500000, 0x0000000715500000| Complete 
| 278|0x0000000715600000, 0x0000000715700000, 0x0000000715700000|100%| E|CS|TAMS 0x0000000715600000, 0x0000000715600000| Complete 
| 279|0x0000000715700000, 0x0000000715800000, 0x0000000715800000|100%| E|CS|TAMS 0x0000000715700000, 0x0000000715700000| Complete 
| 280|0x0000000715800000, 0x0000000715900000, 0x0000000715900000|100%| E|CS|TAMS 0x0000000715800000, 0x0000000715800000| Complete 
| 281|0x0000000715900000, 0x0000000715a00000, 0x0000000715a00000|100%| E|CS|TAMS 0x0000000715900000, 0x0000000715900000| Complete 
| 282|0x0000000715a00000, 0x0000000715b00000, 0x0000000715b00000|100%| E|CS|TAMS 0x0000000715a00000, 0x0000000715a00000| Complete 
| 283|0x0000000715b00000, 0x0000000715c00000, 0x0000000715c00000|100%| E|CS|TAMS 0x0000000715b00000, 0x0000000715b00000| Complete 
| 284|0x0000000715c00000, 0x0000000715d00000, 0x0000000715d00000|100%| E|CS|TAMS 0x0000000715c00000, 0x0000000715c00000| Complete 
| 285|0x0000000715d00000, 0x0000000715e00000, 0x0000000715e00000|100%| E|CS|TAMS 0x0000000715d00000, 0x0000000715d00000| Complete 
| 286|0x0000000715e00000, 0x0000000715f00000, 0x0000000715f00000|100%| E|CS|TAMS 0x0000000715e00000, 0x0000000715e00000| Complete 
| 287|0x0000000715f00000, 0x0000000716000000, 0x0000000716000000|100%| E|CS|TAMS 0x0000000715f00000, 0x0000000715f00000| Complete 
| 288|0x0000000716000000, 0x0000000716100000, 0x0000000716100000|100%| E|CS|TAMS 0x0000000716000000, 0x0000000716000000| Complete 
| 289|0x0000000716100000, 0x0000000716200000, 0x0000000716200000|100%| E|CS|TAMS 0x0000000716100000, 0x0000000716100000| Complete 
| 290|0x0000000716200000, 0x0000000716300000, 0x0000000716300000|100%| E|CS|TAMS 0x0000000716200000, 0x0000000716200000| Complete 
| 291|0x0000000716300000, 0x0000000716400000, 0x0000000716400000|100%| E|CS|TAMS 0x0000000716300000, 0x0000000716300000| Complete 
| 292|0x0000000716400000, 0x0000000716500000, 0x0000000716500000|100%| E|CS|TAMS 0x0000000716400000, 0x0000000716400000| Complete 
| 293|0x0000000716500000, 0x0000000716600000, 0x0000000716600000|100%| E|CS|TAMS 0x0000000716500000, 0x0000000716500000| Complete 
| 294|0x0000000716600000, 0x0000000716700000, 0x0000000716700000|100%| E|CS|TAMS 0x0000000716600000, 0x0000000716600000| Complete 
| 295|0x0000000716700000, 0x0000000716800000, 0x0000000716800000|100%| E|CS|TAMS 0x0000000716700000, 0x0000000716700000| Complete 
| 296|0x0000000716800000, 0x0000000716900000, 0x0000000716900000|100%| E|CS|TAMS 0x0000000716800000, 0x0000000716800000| Complete 
| 297|0x0000000716900000, 0x0000000716a00000, 0x0000000716a00000|100%| E|CS|TAMS 0x0000000716900000, 0x0000000716900000| Complete 
| 298|0x0000000716a00000, 0x0000000716b00000, 0x0000000716b00000|100%| E|CS|TAMS 0x0000000716a00000, 0x0000000716a00000| Complete 
| 299|0x0000000716b00000, 0x0000000716c00000, 0x0000000716c00000|100%| E|CS|TAMS 0x0000000716b00000, 0x0000000716b00000| Complete 
| 300|0x0000000716c00000, 0x0000000716d00000, 0x0000000716d00000|100%| E|CS|TAMS 0x0000000716c00000, 0x0000000716c00000| Complete 
| 301|0x0000000716d00000, 0x0000000716e00000, 0x0000000716e00000|100%| E|CS|TAMS 0x0000000716d00000, 0x0000000716d00000| Complete 
| 302|0x0000000716e00000, 0x0000000716f00000, 0x0000000716f00000|100%| E|CS|TAMS 0x0000000716e00000, 0x0000000716e00000| Complete 

Card table byte_map: [0x000001e234480000,0x000001e234c60000] _byte_map_base: 0x000001e230c60000

Marking Bits (Prev, Next): (CMBitMap*) 0x000001e21c26ed58, (CMBitMap*) 0x000001e21c26ed90
 Prev Bits: [0x000001e235440000, 0x000001e239340000)
 Next Bits: [0x000001e239340000, 0x000001e23d240000)

Polling page: 0x000001e21a1e0000

Metaspace:

Usage:
  Non-class:     97.27 MB capacity,    95.90 MB ( 99%) used,     1.01 MB (  1%) free+waste,   367.00 KB ( <1%) overhead. 
      Class:     14.71 MB capacity,    13.26 MB ( 90%) used,     1.27 MB (  9%) free+waste,   192.38 KB (  1%) overhead. 
       Both:    111.97 MB capacity,   109.16 MB ( 97%) used,     2.27 MB (  2%) free+waste,   559.38 KB ( <1%) overhead. 

Virtual space:
  Non-class space:       98.00 MB reserved,      97.50 MB (>99%) committed 
      Class space:        1.00 GB reserved,      14.75 MB (  1%) committed 
             Both:        1.10 GB reserved,     112.25 MB ( 10%) committed 

Chunk freelists:
   Non-Class:  48.00 KB
       Class:  10.00 KB
        Both:  58.00 KB

MaxMetaspaceSize: 17179869184.00 GB
CompressedClassSpaceSize: 1.00 GB
Initial GC threshold: 20.80 MB
Current GC threshold: 164.17 MB
CDS: off

CodeHeap 'non-profiled nmethods': size=120000Kb used=3611Kb max_used=3611Kb free=116388Kb
 bounds [0x000001e22c440000, 0x000001e22c7d0000, 0x000001e233970000]
CodeHeap 'profiled nmethods': size=120000Kb used=13822Kb max_used=13822Kb free=106177Kb
 bounds [0x000001e224f10000, 0x000001e225c90000, 0x000001e22c440000]
CodeHeap 'non-nmethods': size=5760Kb used=1570Kb max_used=1588Kb free=4189Kb
 bounds [0x000001e224970000, 0x000001e224be0000, 0x000001e224f10000]
 total_blobs=7414 nmethods=6497 adapters=827
 compilation: enabled
              stopped_count=0, restarted_count=0
 full_count=0

Compilation events (20 events):
Event: 12.381 Thread 0x000001e2406d8800 nmethod 6529 0x000001e225c7ee10 code [0x000001e225c7f140, 0x000001e225c80898]
Event: 12.381 Thread 0x000001e2406d8800 6526       1       org.datanucleus.metadata.AbstractClassMetaData::getName (5 bytes)
Event: 12.381 Thread 0x000001e2406d8800 nmethod 6526 0x000001e22c7c6c90 code [0x000001e22c7c6e40, 0x000001e22c7c6ef8]
Event: 12.381 Thread 0x000001e2406d8800 6530       3       com.sun.org.apache.xerces.internal.impl.XMLNSDocumentScannerImpl::scanAttribute (824 bytes)
Event: 12.384 Thread 0x000001e2406d8800 nmethod 6530 0x000001e225c81010 code [0x000001e225c81720, 0x000001e225c86eb8]
Event: 12.384 Thread 0x000001e2406d8800 6537   !   3       com.sun.org.apache.xerces.internal.parsers.AbstractSAXParser::startElement (318 bytes)
Event: 12.384 Thread 0x000001e2406d8800 nmethod 6537 0x000001e225c88890 code [0x000001e225c88b80, 0x000001e225c89d98]
Event: 12.384 Thread 0x000001e2406d8800 6531   !   3       com.sun.org.apache.xerces.internal.parsers.AbstractSAXParser::ignorableWhitespace (70 bytes)
Event: 12.385 Thread 0x000001e2406d8800 nmethod 6531 0x000001e225c8a790 code [0x000001e225c8a980, 0x000001e225c8ace8]
Event: 12.385 Thread 0x000001e2406d8800 6532       3       org.xml.sax.helpers.DefaultHandler::ignorableWhitespace (1 bytes)
Event: 12.385 Thread 0x000001e2406d8800 nmethod 6532 0x000001e225c8af10 code [0x000001e225c8b0c0, 0x000001e225c8b1b8]
Event: 12.385 Thread 0x000001e2406d8800 6533       3       com.sun.org.apache.xerces.internal.impl.dtd.DTDGrammar::getElementDeclIndex (28 bytes)
Event: 12.385 Thread 0x000001e2406d8800 nmethod 6533 0x000001e225c8b290 code [0x000001e225c8b480, 0x000001e225c8b868]
Event: 12.385 Thread 0x000001e2406d8800 6535       3       com.sun.org.apache.xerces.internal.impl.dtd.XMLDTDValidator::handleStartElement (508 bytes)
Event: 12.387 Thread 0x000001e2406d8800 nmethod 6535 0x000001e225c8ba10 code [0x000001e225c8be00, 0x000001e225c8e168]
Event: 12.387 Thread 0x000001e2406d8800 6544   !   3       com.sun.org.apache.xerces.internal.parsers.AbstractSAXParser::endElement (108 bytes)
Event: 12.387 Thread 0x000001e2406d8800 nmethod 6544 0x000001e225c8eb90 code [0x000001e225c8eda0, 0x000001e225c8f298]
Event: 12.387 Thread 0x000001e2406d8800 6534       3       java.util.Stack::push (7 bytes)
Event: 12.387 Thread 0x000001e2406d8800 nmethod 6534 0x000001e225c8f510 code [0x000001e225c8f6c0, 0x000001e225c8f888]
Event: 12.387 Thread 0x000001e2406d8800 6541   !   3       org.datanucleus.api.jdo.metadata.JDOMetaDataHandler::startElement (5577 bytes)

GC Heap History (18 events):
Event: 0.788 GC heap before
{Heap before GC invocations=0 (full 0):
 garbage-first heap   total 258048K, used 30720K [0x0000000704000000, 0x0000000800000000)
  region size 1024K, 24 young (24576K), 0 survivors (0K)
 Metaspace       used 9273K, capacity 9395K, committed 9600K, reserved 1058816K
  class space    used 844K, capacity 894K, committed 896K, reserved 1048576K
}
Event: 0.792 GC heap after
{Heap after GC invocations=1 (full 0):
 garbage-first heap   total 258048K, used 17819K [0x0000000704000000, 0x0000000800000000)
  region size 1024K, 3 young (3072K), 3 survivors (3072K)
 Metaspace       used 9273K, capacity 9395K, committed 9600K, reserved 1058816K
  class space    used 844K, capacity 894K, committed 896K, reserved 1048576K
}
Event: 1.281 GC heap before
{Heap before GC invocations=1 (full 0):
 garbage-first heap   total 258048K, used 39323K [0x0000000704000000, 0x0000000800000000)
  region size 1024K, 25 young (25600K), 3 survivors (3072K)
 Metaspace       used 16440K, capacity 16582K, committed 16768K, reserved 1064960K
  class space    used 1588K, capacity 1653K, committed 1664K, reserved 1048576K
}
Event: 1.284 GC heap after
{Heap after GC invocations=2 (full 0):
 garbage-first heap   total 258048K, used 19461K [0x0000000704000000, 0x0000000800000000)
  region size 1024K, 2 young (2048K), 2 survivors (2048K)
 Metaspace       used 16440K, capacity 16582K, committed 16768K, reserved 1064960K
  class space    used 1588K, capacity 1653K, committed 1664K, reserved 1048576K
}
Event: 1.772 GC heap before
{Heap before GC invocations=2 (full 0):
 garbage-first heap   total 258048K, used 40965K [0x0000000704000000, 0x0000000800000000)
  region size 1024K, 24 young (24576K), 2 survivors (2048K)
 Metaspace       used 20901K, capacity 21185K, committed 21248K, reserved 1069056K
  class space    used 2162K, capacity 2256K, committed 2304K, reserved 1048576K
}
Event: 1.778 GC heap after
{Heap after GC invocations=3 (full 0):
 garbage-first heap   total 258048K, used 20582K [0x0000000704000000, 0x0000000800000000)
  region size 1024K, 3 young (3072K), 3 survivors (3072K)
 Metaspace       used 20901K, capacity 21185K, committed 21248K, reserved 1069056K
  class space    used 2162K, capacity 2256K, committed 2304K, reserved 1048576K
}
Event: 3.295 GC heap before
{Heap before GC invocations=4 (full 0):
 garbage-first heap   total 258048K, used 90214K [0x0000000704000000, 0x0000000800000000)
  region size 1024K, 71 young (72704K), 3 survivors (3072K)
 Metaspace       used 33941K, capacity 34887K, committed 35072K, reserved 1079296K
  class space    used 4055K, capacity 4561K, committed 4608K, reserved 1048576K
}
Event: 3.301 GC heap after
{Heap after GC invocations=5 (full 0):
 garbage-first heap   total 258048K, used 23795K [0x0000000704000000, 0x0000000800000000)
  region size 1024K, 6 young (6144K), 6 survivors (6144K)
 Metaspace       used 33941K, capacity 34887K, committed 35072K, reserved 1079296K
  class space    used 4055K, capacity 4561K, committed 4608K, reserved 1048576K
}
Event: 3.404 GC heap before
{Heap before GC invocations=5 (full 0):
 garbage-first heap   total 258048K, used 28915K [0x0000000704000000, 0x0000000800000000)
  region size 1024K, 12 young (12288K), 6 survivors (6144K)
 Metaspace       used 34787K, capacity 35712K, committed 35840K, reserved 1081344K
  class space    used 4174K, capacity 4668K, committed 4736K, reserved 1048576K
}
Event: 3.411 GC heap after
{Heap after GC invocations=6 (full 0):
 garbage-first heap   total 258048K, used 24122K [0x0000000704000000, 0x0000000800000000)
  region size 1024K, 7 young (7168K), 7 survivors (7168K)
 Metaspace       used 34787K, capacity 35712K, committed 35840K, reserved 1081344K
  class space    used 4174K, capacity 4668K, committed 4736K, reserved 1048576K
}
Event: 5.700 GC heap before
{Heap before GC invocations=7 (full 0):
 garbage-first heap   total 258048K, used 115258K [0x0000000704000000, 0x0000000800000000)
  region size 1024K, 96 young (98304K), 7 survivors (7168K)
 Metaspace       used 51201K, capacity 52704K, committed 52864K, reserved 1095680K
  class space    used 6263K, capacity 7020K, committed 7040K, reserved 1048576K
}
Event: 5.708 GC heap after
{Heap after GC invocations=8 (full 0):
 garbage-first heap   total 258048K, used 29076K [0x0000000704000000, 0x0000000800000000)
  region size 1024K, 11 young (11264K), 11 survivors (11264K)
 Metaspace       used 51201K, capacity 52704K, committed 52864K, reserved 1095680K
  class space    used 6263K, capacity 7020K, committed 7040K, reserved 1048576K
}
Event: 6.489 GC heap before
{Heap before GC invocations=8 (full 0):
 garbage-first heap   total 258048K, used 61844K [0x0000000704000000, 0x0000000800000000)
  region size 1024K, 44 young (45056K), 11 survivors (11264K)
 Metaspace       used 58514K, capacity 60078K, committed 60160K, reserved 1101824K
  class space    used 7052K, capacity 7854K, committed 7936K, reserved 1048576K
}
Event: 6.501 GC heap after
{Heap after GC invocations=9 (full 0):
 garbage-first heap   total 258048K, used 31248K [0x0000000704000000, 0x0000000800000000)
  region size 1024K, 11 young (11264K), 11 survivors (11264K)
 Metaspace       used 58514K, capacity 60078K, committed 60160K, reserved 1101824K
  class space    used 7052K, capacity 7854K, committed 7936K, reserved 1048576K
}
Event: 8.748 GC heap before
{Heap before GC invocations=10 (full 0):
 garbage-first heap   total 258048K, used 141840K [0x0000000704000000, 0x0000000800000000)
  region size 1024K, 119 young (121856K), 11 survivors (11264K)
 Metaspace       used 84154K, capacity 86466K, committed 86656K, reserved 1124352K
  class space    used 10626K, capacity 11849K, committed 11904K, reserved 1048576K
}
Event: 8.763 GC heap after
{Heap after GC invocations=11 (full 0):
 garbage-first heap   total 310272K, used 37050K [0x0000000704000000, 0x0000000800000000)
  region size 1024K, 14 young (14336K), 14 survivors (14336K)
 Metaspace       used 84154K, capacity 86466K, committed 86656K, reserved 1124352K
  class space    used 10626K, capacity 11849K, committed 11904K, reserved 1048576K
}
Event: 10.310 GC heap before
{Heap before GC invocations=11 (full 0):
 garbage-first heap   total 310272K, used 123066K [0x0000000704000000, 0x0000000800000000)
  region size 1024K, 99 young (101376K), 14 survivors (14336K)
 Metaspace       used 97848K, capacity 100461K, committed 100608K, reserved 1136640K
  class space    used 12053K, capacity 13448K, committed 13568K, reserved 1048576K
}
Event: 10.328 GC heap after
{Heap after GC invocations=12 (full 0):
 garbage-first heap   total 310272K, used 42912K [0x0000000704000000, 0x0000000800000000)
  region size 1024K, 15 young (15360K), 15 survivors (15360K)
 Metaspace       used 97848K, capacity 100461K, committed 100608K, reserved 1136640K
  class space    used 12053K, capacity 13448K, committed 13568K, reserved 1048576K
}

Deoptimization events (20 events):
Event: 12.208 Thread 0x000001e21c20a000 DEOPT PACKING pc=0x000001e22535ff13 sp=0x00000053f9dfbfb0
Event: 12.208 Thread 0x000001e21c20a000 DEOPT UNPACKING pc=0x000001e2249b9d0e sp=0x00000053f9dfb470 mode 0
Event: 12.208 Thread 0x000001e21c20a000 DEOPT PACKING pc=0x000001e22535ff13 sp=0x00000053f9dfbfb0
Event: 12.208 Thread 0x000001e21c20a000 DEOPT UNPACKING pc=0x000001e2249b9d0e sp=0x00000053f9dfb470 mode 0
Event: 12.209 Thread 0x000001e21c20a000 DEOPT PACKING pc=0x000001e22535ff13 sp=0x00000053f9dfbfb0
Event: 12.209 Thread 0x000001e21c20a000 DEOPT UNPACKING pc=0x000001e2249b9d0e sp=0x00000053f9dfb470 mode 0
Event: 12.209 Thread 0x000001e21c20a000 DEOPT PACKING pc=0x000001e22535ff13 sp=0x00000053f9dfbfb0
Event: 12.209 Thread 0x000001e21c20a000 DEOPT UNPACKING pc=0x000001e2249b9d0e sp=0x00000053f9dfb470 mode 0
Event: 12.209 Thread 0x000001e21c20a000 DEOPT PACKING pc=0x000001e22535ff13 sp=0x00000053f9dfbfb0
Event: 12.209 Thread 0x000001e21c20a000 DEOPT UNPACKING pc=0x000001e2249b9d0e sp=0x00000053f9dfb470 mode 0
Event: 12.209 Thread 0x000001e21c20a000 DEOPT PACKING pc=0x000001e22535ff13 sp=0x00000053f9dfbfb0
Event: 12.209 Thread 0x000001e21c20a000 DEOPT UNPACKING pc=0x000001e2249b9d0e sp=0x00000053f9dfb470 mode 0
Event: 12.304 Thread 0x000001e21c20a000 Uncommon trap: trap_request=0xffffff4d fr.pc=0x000001e22c4e4920 relative=0x0000000000000080
Event: 12.304 Thread 0x000001e21c20a000 Uncommon trap: reason=unstable_if action=reinterpret pc=0x000001e22c4e4920 method=java.lang.CharacterDataLatin1.isWhitespace(I)Z @ 14 c2
Event: 12.304 Thread 0x000001e21c20a000 DEOPT PACKING pc=0x000001e22c4e4920 sp=0x00000053f9dfbb00
Event: 12.304 Thread 0x000001e21c20a000 DEOPT UNPACKING pc=0x000001e2249785af sp=0x00000053f9dfba70 mode 2
Event: 12.374 Thread 0x000001e21c20a000 Uncommon trap: trap_request=0xffffff4d fr.pc=0x000001e22c7c46a0 relative=0x0000000000000160
Event: 12.374 Thread 0x000001e21c20a000 Uncommon trap: reason=unstable_if action=reinterpret pc=0x000001e22c7c46a0 method=com.sun.org.apache.xerces.internal.impl.XMLEntityScanner.normalizeNewlines(SLcom/sun/org/apache/xerces/internal/xni/XMLString;ZZLcom/sun/org/apache/xerces/internal/impl/XMLS
Event: 12.374 Thread 0x000001e21c20a000 DEOPT PACKING pc=0x000001e22c7c46a0 sp=0x00000053f9dfb570
Event: 12.374 Thread 0x000001e21c20a000 DEOPT UNPACKING pc=0x000001e2249785af sp=0x00000053f9dfb4e8 mode 2

Classes redefined (0 events):
No events

Internal exceptions (20 events):
Event: 9.452 Thread 0x000001e21c20a000 Exception <a 'java/lang/NoSuchMethodError'{0x0000000714ac7e20}: 'java.lang.Object java.lang.invoke.DirectMethodHandle$Holder.invokeSpecial(java.lang.Object, java.lang.Object, int, int, java.lang.Object, java.lang.Object, java.lang.Object)'> (0x0000000714ac7e20) thrown at [s\src\hotspot\share\interpreter\linkResolver.cpp, line 773]
Event: 9.452 Thread 0x000001e21c20a000 Exception <a 'java/lang/NoSuchMethodError'{0x0000000714acb658}: 'java.lang.Object java.lang.invoke.DelegatingMethodHandle$Holder.reinvoke_L(java.lang.Object, int, int, java.lang.Object, java.lang.Object, java.lang.Object)'> (0x0000000714acb658) thrown at [s\src\hotspot\share\interpreter\linkResolver.cpp, line 773]
Event: 9.454 Thread 0x000001e21c20a000 Exception <a 'java/lang/NoSuchMethodError'{0x0000000714af51a0}: 'java.lang.Object java.lang.invoke.DirectMethodHandle$Holder.invokeStatic(java.lang.Object, java.lang.Object, java.lang.Object, java.lang.Object, int, int, java.lang.Object)'> (0x0000000714af51a0) thrown at [s\src\hotspot\share\interpreter\linkResolver.cpp, line 773]
Event: 9.558 Thread 0x000001e21c20a000 Exception <a 'java/lang/ClassNotFoundException'{0x000000071485d4e0}: com/sun/org/apache/xml/internal/serializer/spi/XMLEntitiesProvider> (0x000000071485d4e0) thrown at [s\src\hotspot\share\classfile\systemDictionary.cpp, line 230]
Event: 10.841 Thread 0x000001e21c20a000 Exception <a 'java/lang/ClassNotFoundException'{0x00000007145a3f18}: java/sql/Connection> (0x00000007145a3f18) thrown at [s\src\hotspot\share\classfile\systemDictionary.cpp, line 230]
Event: 10.880 Thread 0x000001e21c20a000 Exception <a 'java/io/FileNotFoundException'{0x00000007142035f8}> (0x00000007142035f8) thrown at [s\src\hotspot\share\prims\jni.cpp, line 617]
Event: 10.880 Thread 0x000001e21c20a000 Exception <a 'java/security/PrivilegedActionException'{0x0000000714204438}> (0x0000000714204438) thrown at [s\src\hotspot\share\prims\jvm.cpp, line 1306]
Event: 11.314 Thread 0x000001e21c20a000 Implicit null exception at 0x000001e22c75b724 to 0x000001e22c75bc64
Event: 11.314 Thread 0x000001e21c20a000 Implicit null exception at 0x000001e22c75b724 to 0x000001e22c75bc64
Event: 11.314 Thread 0x000001e21c20a000 Implicit null exception at 0x000001e22c75b724 to 0x000001e22c75bc64
Event: 11.315 Thread 0x000001e21c20a000 Implicit null exception at 0x000001e22c75b724 to 0x000001e22c75bc64
Event: 11.331 Thread 0x000001e21c20a000 Implicit null exception at 0x000001e22c75e080 to 0x000001e22c75e3f1
Event: 11.332 Thread 0x000001e21c20a000 Implicit null exception at 0x000001e22c75e080 to 0x000001e22c75e3f1
Event: 11.332 Thread 0x000001e21c20a000 Implicit null exception at 0x000001e22c75e080 to 0x000001e22c75e3f1
Event: 11.332 Thread 0x000001e21c20a000 Implicit null exception at 0x000001e22c75e080 to 0x000001e22c75e3f1
Event: 11.608 Thread 0x000001e21c20a000 Exception <a 'java/lang/NoSuchMethodError'{0x000000071216ba30}: 'java.lang.Object java.lang.invoke.DirectMethodHandle$Holder.invokeSpecial(java.lang.Object, java.lang.Object, int, int, java.lang.Object, java.lang.Object, int)'> (0x000000071216ba30) thrown at [s\src\hotspot\share\interpreter\linkResolver.cpp, line 773]
Event: 11.608 Thread 0x000001e21c20a000 Exception <a 'java/lang/NoSuchMethodError'{0x000000071216f6b8}: 'java.lang.Object java.lang.invoke.DelegatingMethodHandle$Holder.reinvoke_L(java.lang.Object, int, int, java.lang.Object, java.lang.Object, int)'> (0x000000071216f6b8) thrown at [s\src\hotspot\share\interpreter\linkResolver.cpp, line 773]
Event: 11.610 Thread 0x000001e21c20a000 Exception <a 'java/lang/NoSuchMethodError'{0x000000071217d8c0}: 'java.lang.Object java.lang.invoke.DirectMethodHandle$Holder.invokeStatic(java.lang.Object, java.lang.Object, java.lang.Object, java.lang.Object, java.lang.Object, java.lang.Object, int)'> (0x000000071217d8c0) thrown at [s\src\hotspot\share\interpreter\linkResolver.cpp, line 773]
Event: 12.040 Thread 0x000001e21c20a000 Implicit null exception at 0x000001e22c63c25c to 0x000001e22c63cd40
Event: 12.078 Thread 0x000001e21c20a000 Exception <a 'java/lang/NoSuchMethodError'{0x000000070f81ce80}: <clinit>> (0x000000070f81ce80) thrown at [s\src\hotspot\share\prims\jni.cpp, line 1367]

Events (20 events):
Event: 12.390 loading class org/datanucleus/metadata/MetaDataManagerImpl$1
Event: 12.390 loading class org/datanucleus/metadata/MetaDataManagerImpl$1 done
Event: 12.391 loading class org/datanucleus/enhancer/EnhancementNucleusContextImpl
Event: 12.391 loading class org/datanucleus/enhancer/EnhancementNucleusContextImpl done
Event: 12.399 loading class javax/jdo/JDODetachedFieldAccessException
Event: 12.399 loading class javax/jdo/JDODetachedFieldAccessException done
Event: 12.400 loading class org/datanucleus/metadata/InheritanceStrategy
Event: 12.400 loading class org/datanucleus/metadata/InheritanceStrategy done
Event: 12.400 loading class org/datanucleus/metadata/RelationType
Event: 12.400 loading class org/datanucleus/metadata/RelationType done
Event: 12.415 loading class MFieldSchema
Event: 12.415 loading class MFieldSchema done
Event: 12.415 loading class MFieldSchema
Event: 12.415 loading class MFieldSchema done
Event: 12.415 loading class MFieldSchema
Event: 12.415 loading class MFieldSchema done
Event: 12.415 loading class MFieldSchema
Event: 12.415 loading class MFieldSchema done
Event: 12.415 loading class MFieldSchema
Event: 12.415 loading class MFieldSchema done


Dynamic libraries:
0x00007ff75f570000 - 0x00007ff75f57d000 	C:\Users\julia.blanco\.jdks\corretto-11.0.20\bin\java.exe
0x00007ffc99a90000 - 0x00007ffc99c88000 	C:\Windows\SYSTEM32\ntdll.dll
0x00007ffc97fe0000 - 0x00007ffc9809f000 	C:\Windows\System32\KERNEL32.DLL
0x00007ffc974a0000 - 0x00007ffc97796000 	C:\Windows\System32\KERNELBASE.dll
0x00007ffc978e0000 - 0x00007ffc979e0000 	C:\Windows\System32\ucrtbase.dll
0x00007ffc8ccf0000 - 0x00007ffc8cd09000 	C:\Users\julia.blanco\.jdks\corretto-11.0.20\bin\VCRUNTIME140.dll
0x00007ffc8d930000 - 0x00007ffc8d947000 	C:\Users\julia.blanco\.jdks\corretto-11.0.20\bin\jli.dll
0x00007ffc98160000 - 0x00007ffc982fd000 	C:\Windows\System32\USER32.dll
0x00007ffc97810000 - 0x00007ffc97832000 	C:\Windows\System32\win32u.dll
0x00007ffc6a6a0000 - 0x00007ffc6a93a000 	C:\Windows\WinSxS\amd64_microsoft.windows.common-controls_6595b64144ccf1df_6.0.19041.1110_none_60b5254171f9507e\COMCTL32.dll
0x00007ffc991c0000 - 0x00007ffc991ec000 	C:\Windows\System32\GDI32.dll
0x00007ffc991f0000 - 0x00007ffc9928e000 	C:\Windows\System32\msvcrt.dll
0x00007ffc97170000 - 0x00007ffc97285000 	C:\Windows\System32\gdi32full.dll
0x00007ffc97840000 - 0x00007ffc978dd000 	C:\Windows\System32\msvcp_win.dll
0x00007ffc99930000 - 0x00007ffc99960000 	C:\Windows\System32\IMM32.DLL
0x00007ffc6e6a0000 - 0x00007ffc6e73b000 	C:\Users\julia.blanco\.jdks\corretto-11.0.20\bin\msvcp140.dll
0x00007ffc4e010000 - 0x00007ffc4eb9b000 	C:\Users\julia.blanco\.jdks\corretto-11.0.20\bin\server\jvm.dll
0x00007ffc98780000 - 0x00007ffc9882f000 	C:\Windows\System32\ADVAPI32.dll
0x00007ffc980a0000 - 0x00007ffc9813c000 	C:\Windows\System32\sechost.dll
0x00007ffc996d0000 - 0x00007ffc997f6000 	C:\Windows\System32\RPCRT4.dll
0x00007ffc99380000 - 0x00007ffc99388000 	C:\Windows\System32\PSAPI.DLL
0x00007ffc8adc0000 - 0x00007ffc8adca000 	C:\Windows\SYSTEM32\VERSION.dll
0x00007ffc61eb0000 - 0x00007ffc61ed7000 	C:\Windows\SYSTEM32\WINMM.dll
0x00007ffc60c10000 - 0x00007ffc60c19000 	C:\Windows\SYSTEM32\WSOCK32.dll
0x00007ffc99960000 - 0x00007ffc999cb000 	C:\Windows\System32\WS2_32.dll
0x00007ffc957b0000 - 0x00007ffc957c2000 	C:\Windows\SYSTEM32\kernel.appcore.dll
0x00007ffc93ee0000 - 0x00007ffc93ef0000 	C:\Users\julia.blanco\.jdks\corretto-11.0.20\bin\verify.dll
0x00007ffc94c00000 - 0x00007ffc94de4000 	C:\Windows\SYSTEM32\DBGHELP.DLL
0x00007ffc85680000 - 0x00007ffc856b4000 	C:\Windows\SYSTEM32\dbgcore.DLL
0x00007ffc979e0000 - 0x00007ffc97a62000 	C:\Windows\System32\bcryptPrimitives.dll
0x00007ffc8c0b0000 - 0x00007ffc8c0d8000 	C:\Users\julia.blanco\.jdks\corretto-11.0.20\bin\java.dll
0x00007ffc90bc0000 - 0x00007ffc90bca000 	C:\Users\julia.blanco\.jdks\corretto-11.0.20\bin\jimage.dll
0x00007ffc94040000 - 0x00007ffc9404e000 	C:\Users\julia.blanco\.jdks\corretto-11.0.20\bin\instrument.dll
0x00007ffc8c3a0000 - 0x00007ffc8c3b8000 	C:\Users\julia.blanco\.jdks\corretto-11.0.20\bin\zip.dll
0x00007ffc988e0000 - 0x00007ffc99024000 	C:\Windows\System32\SHELL32.dll
0x00007ffc94f10000 - 0x00007ffc956a4000 	C:\Windows\SYSTEM32\windows.storage.dll
0x00007ffc97af0000 - 0x00007ffc97e44000 	C:\Windows\System32\combase.dll
0x00007ffc96bb0000 - 0x00007ffc96bde000 	C:\Windows\SYSTEM32\Wldp.dll
0x00007ffc99030000 - 0x00007ffc990dd000 	C:\Windows\System32\SHCORE.dll
0x00007ffc97f80000 - 0x00007ffc97fd5000 	C:\Windows\System32\shlwapi.dll
0x00007ffc970a0000 - 0x00007ffc970c5000 	C:\Windows\SYSTEM32\profapi.dll
0x00007ffc8c090000 - 0x00007ffc8c0a9000 	C:\Users\julia.blanco\.jdks\corretto-11.0.20\bin\net.dll
0x00007ffc96140000 - 0x00007ffc9624a000 	C:\Windows\SYSTEM32\WINHTTP.dll
0x00007ffc96910000 - 0x00007ffc9697a000 	C:\Windows\system32\mswsock.dll
0x00007ffc8be60000 - 0x00007ffc8be73000 	C:\Users\julia.blanco\.jdks\corretto-11.0.20\bin\nio.dll
0x00007ffc83690000 - 0x00007ffc836aa000 	C:\Users\julia.blanco\ideaIC-2023.1.4.win\bin\breakgen64.dll
0x00007ffc93950000 - 0x00007ffc93959000 	C:\Users\julia.blanco\.jdks\corretto-11.0.20\bin\management.dll
0x00007ffc93900000 - 0x00007ffc9390b000 	C:\Users\julia.blanco\.jdks\corretto-11.0.20\bin\management_ext.dll
0x00007ffc90c50000 - 0x00007ffc90c67000 	C:\Windows\system32\napinsp.dll
0x00007ffc90c30000 - 0x00007ffc90c4b000 	C:\Windows\system32\pnrpnsp.dll
0x00007ffc91cd0000 - 0x00007ffc91ce5000 	C:\Windows\system32\wshbth.dll
0x00007ffc93ec0000 - 0x00007ffc93edd000 	C:\Windows\system32\NLAapi.dll
0x00007ffc965b0000 - 0x00007ffc965ec000 	C:\Windows\SYSTEM32\IPHLPAPI.DLL
0x00007ffc965f0000 - 0x00007ffc966ba000 	C:\Windows\SYSTEM32\DNSAPI.dll
0x00007ffc996c0000 - 0x00007ffc996c8000 	C:\Windows\System32\NSI.dll
0x00007ffc90d10000 - 0x00007ffc90d22000 	C:\Windows\System32\winrnr.dll
0x00007ffc904e0000 - 0x00007ffc904ea000 	C:\Windows\System32\rasadhlp.dll
0x00007ffc91300000 - 0x00007ffc91382000 	C:\Windows\System32\fwpuclnt.dll
0x00007ffc97a70000 - 0x00007ffc97a97000 	C:\Windows\System32\bcrypt.dll
0x00007ffc938f0000 - 0x00007ffc938f9000 	C:\Users\julia.blanco\.jdks\corretto-11.0.20\bin\jaas.dll
0x00007ffc96b00000 - 0x00007ffc96b18000 	C:\Windows\SYSTEM32\CRYPTSP.dll
0x00007ffc960b0000 - 0x00007ffc960e4000 	C:\Windows\system32\rsaenh.dll
0x00007ffc97060000 - 0x00007ffc9708e000 	C:\Windows\SYSTEM32\USERENV.dll
0x00007ffc96b20000 - 0x00007ffc96b2c000 	C:\Windows\SYSTEM32\CRYPTBASE.dll
0x00007ffc914c0000 - 0x00007ffc914d7000 	C:\Windows\SYSTEM32\dhcpcsvc6.DLL
0x00007ffc91440000 - 0x00007ffc9145d000 	C:\Windows\SYSTEM32\dhcpcsvc.DLL

dbghelp: loaded successfully - version: 4.0.5 - missing functions: none
symbol engine: initialized successfully - sym options: 0x614 - pdb path: .;C:\Users\julia.blanco\.jdks\corretto-11.0.20\bin;C:\Windows\SYSTEM32;C:\Windows\WinSxS\amd64_microsoft.windows.common-controls_6595b64144ccf1df_6.0.19041.1110_none_60b5254171f9507e;C:\Users\julia.blanco\.jdks\corretto-11.0.20\bin\server;C:\Users\julia.blanco\ideaIC-2023.1.4.win\bin

VM Arguments:
jvm_args: -javaagent:C:\Users\julia.blanco\ideaIC-2023.1.4.win\lib\idea_rt.jar=50494:C:\Users\julia.blanco\ideaIC-2023.1.4.win\bin -Dfile.encoding=UTF-8 
java_command: org.chapter4.Chapter4Ejer2departuredelays
java_class_path (initial): C:\Users\julia.blanco\Desktop\repositorios\LibroSpark\target\classes;C:\Users\julia.blanco\.m2\repository\org\apache\spark\spark-sql_2.13\3.3.2\spark-sql_2.13-3.3.2.jar;C:\Users\julia.blanco\.m2\repository\org\rocksdb\rocksdbjni\6.20.3\rocksdbjni-6.20.3.jar;C:\Users\julia.blanco\.m2\repository\com\univocity\univocity-parsers\2.9.1\univocity-parsers-2.9.1.jar;C:\Users\julia.blanco\.m2\repository\org\apache\spark\spark-sketch_2.13\3.3.2\spark-sketch_2.13-3.3.2.jar;C:\Users\julia.blanco\.m2\repository\org\apache\spark\spark-catalyst_2.13\3.3.2\spark-catalyst_2.13-3.3.2.jar;C:\Users\julia.blanco\.m2\repository\org\scala-lang\modules\scala-parser-combinators_2.13\1.1.2\scala-parser-combinators_2.13-1.1.2.jar;C:\Users\julia.blanco\.m2\repository\org\codehaus\janino\janino\3.0.16\janino-3.0.16.jar;C:\Users\julia.blanco\.m2\repository\org\codehaus\janino\commons-compiler\3.0.16\commons-compiler-3.0.16.jar;C:\Users\julia.blanco\.m2\repository\org\antlr\antlr4-runtime\4.8\antlr4-runtime-4.8.jar;C:\Users\julia.blanco\.m2\repository\org\apache\arrow\arrow-vector\7.0.0\arrow-vector-7.0.0.jar;C:\Users\julia.blanco\.m2\repository\org\apache\arrow\arrow-format\7.0.0\arrow-format-7.0.0.jar;C:\Users\julia.blanco\.m2\repository\org\apache\arrow\arrow-memory-core\7.0.0\arrow-memory-core-7.0.0.jar;C:\Users\julia.blanco\.m2\repository\com\google\flatbuffers\flatbuffers-java\1.12.0\flatbuffers-java-1.12.0.jar;C:\Users\julia.blanco\.m2\repository\org\apache\arrow\arrow-memory-netty\7.0.0\arrow-memory-netty-7.0.0.jar;C:\Users\julia.blanco\.m2\repository\org\apache\spark\spark-tags_2.13\3.3.2\spark-tags_2.13-3.3.2.jar;C:\Users\julia.blanco\.m2\repository\org\scala-lang\modules\scala-parallel-collections_2.13\1.0.3\scala-parallel-collections_2.13-1.0.3.jar;C:\Users\julia.blanco\.m2\repository\org\apache\orc\orc-core\1.7.8\orc-core-1.7.8.jar;C:\Users\julia.blanco\.m2\repository\org\apache\orc\orc-shims\1.7.8\orc-shims-1.7.8.jar;C:\Users\julia.blanco\.m2\repository\
Launcher Type: SUN_STANDARD

[Global flags]
     intx CICompilerCount                          = 4                                         {product} {ergonomic}
     uint ConcGCThreads                            = 2                                         {product} {ergonomic}
     uint G1ConcRefinementThreads                  = 8                                         {product} {ergonomic}
   size_t G1HeapRegionSize                         = 1048576                                   {product} {ergonomic}
    uintx GCDrainStackTargetSize                   = 64                                        {product} {ergonomic}
   size_t InitialHeapSize                          = 264241152                                 {product} {ergonomic}
   size_t MarkStackSize                            = 4194304                                   {product} {ergonomic}
   size_t MaxHeapSize                              = 4227858432                                {product} {ergonomic}
   size_t MaxNewSize                               = 2536505344                                {product} {ergonomic}
   size_t MinHeapDeltaBytes                        = 1048576                                   {product} {ergonomic}
    uintx NonNMethodCodeHeapSize                   = 5836300                                {pd product} {ergonomic}
    uintx NonProfiledCodeHeapSize                  = 122910970                              {pd product} {ergonomic}
    uintx ProfiledCodeHeapSize                     = 122910970                              {pd product} {ergonomic}
    uintx ReservedCodeCacheSize                    = 251658240                              {pd product} {ergonomic}
     bool SegmentedCodeCache                       = true                                      {product} {ergonomic}
     bool UseCompressedClassPointers               = true                                 {lp64_product} {ergonomic}
     bool UseCompressedOops                        = true                                 {lp64_product} {ergonomic}
     bool UseG1GC                                  = true                                      {product} {ergonomic}
     bool UseLargePagesIndividualAllocation        = false                                  {pd product} {ergonomic}

Logging:
Log output configuration:
 #0: stdout all=warning uptime,level,tags
 #1: stderr all=off uptime,level,tags

Environment Variables:
JAVA_HOME=C:\Java\jdk-11
PATH=C:\Program Files\Common Files\Oracle\Java\javapath;C:\Program Files (x86)\Common Files\Oracle\Java\javapath;C:\Windows\system32;C:\Windows;C:\Windows\System32\Wbem;C:\Windows\System32\WindowsPowerShell\v1.0\;C:\Windows\System32\OpenSSH\;C:\Program Files (x86)\Microsoft SQL Server\160\Tools\Binn\;C:\Program Files\Microsoft SQL Server\160\Tools\Binn\;C:\Program Files\Microsoft SQL Server\Client SDK\ODBC\170\Tools\Binn\;C:\Program Files\Microsoft SQL Server\160\DTS\Binn\;C:\Program Files (x86)\Microsoft SQL Server\160\DTS\Binn\;C:\Program Files\Azure Data Studio\bin;C:\Program Files\Git\cmd;C:\Python;C:\hadoop\bin;C:\spark\spark-3.4.1-bin-hadoop3\bin;C:\Users\julia.blanco\AppData\Local\Microsoft\WindowsApps;;C:\Program Files\Azure Data Studio\bin;C:\Users\julia.blanco\AppData\Local\Programs\Microsoft VS Code\bin
USERNAME=julia.blanco
OS=Windows_NT
PROCESSOR_IDENTIFIER=Intel64 Family 6 Model 140 Stepping 1, GenuineIntel
TMP=C:\Users\JULIA~1.BLA\AppData\Local\Temp
TEMP=C:\Users\JULIA~1.BLA\AppData\Local\Temp



---------------  S Y S T E M  ---------------

OS: Windows 10 , 64 bit Build 19041 (10.0.19041.3155)
OS uptime: 22 days 22:28 hours

CPU:total 8 (initial active 8) (4 cores per cpu, 2 threads per core) family 6 model 140 stepping 1 microcode 0x86, cmov, cx8, fxsr, mmx, sse, sse2, sse3, ssse3, sse4.1, sse4.2, popcnt, avx, avx2, aes, clmul, erms, 3dnowpref, lzcnt, ht, tsc, tscinvbit, bmi1, bmi2, adx, evex, sha, fma

Memory: 4k page, system-wide physical 16124M (311M free)
TotalPageFile size 20758M (AvailPageFile size 1M)
current process WorkingSet (physical memory assigned to process): 454M, peak: 454M
current process commit charge ("private bytes"): 591M, peak: 591M

vm_info: OpenJDK 64-Bit Server VM (11.0.20+8-LTS) for windows-amd64 JRE (11.0.20+8-LTS), built on Jul 11 2023 19:58:45 by "Administrator" with MS VC++ 15.9 (VS2017)

END.
